<?xml version="1.0" encoding="UTF-8"?>
<!-- Generated by org.testng.reporters.JUnitXMLReporter -->
<testsuite hostname="IBM279-PC0F1DLV" ignored="6" name="HeiPort_Login_GBDA" tests="2" failures="0" timestamp="01 Feb 2019 12:18:42 GMT" time="11.843" errors="0">
  <testcase name="openBrowser" time="4.921" classname="com.mendix.test.LoginScript"/>
  <testcase name="loginAsGBDA" time="6.895" classname="com.mendix.test.LoginScript"/>
  <testcase name="tasKill" time="0.0" classname="com.mendix.test.LoginScript">
    <ignored/>
  </testcase> <!-- tasKill -->
  <testcase name="loginAsLDR" time="0.0" classname="com.mendix.test.LoginScript">
    <ignored/>
  </testcase> <!-- loginAsLDR -->
  <testcase name="loginAsApprover" time="0.0" classname="com.mendix.test.LoginScript">
    <ignored/>
  </testcase> <!-- loginAsApprover -->
  <testcase name="loginAsGDA" time="0.0" classname="com.mendix.test.LoginScript">
    <ignored/>
  </testcase> <!-- loginAsGDA -->
  <testcase name="loginAsLBDA" time="0.0" classname="com.mendix.test.LoginScript">
    <ignored/>
  </testcase> <!-- loginAsLBDA -->
  <testcase name="loginAsLDS" time="0.0" classname="com.mendix.test.LoginScript">
    <ignored/>
  </testcase> <!-- loginAsLDS -->
</testsuite> <!-- HeiPort_Login_GBDA -->
