<?xml version="1.0" encoding="UTF-8"?>
<!-- Generated by org.testng.reporters.JUnitXMLReporter -->
<testsuite hostname="IBM279-PC0F1DLV" ignored="4" name="Material_Change_Check" tests="1" failures="0" timestamp="01 Feb 2019 14:12:27 GMT" time="75.204" errors="0">
  <testcase name="Material_Change_Syndication_Check" time="75.143" classname="com.mendix.test.MaterialChangeScript"/>
  <testcase name="Material_RequestId_Generation" time="0.0" classname="com.mendix.test.MaterialChangeScript">
    <ignored/>
  </testcase> <!-- Material_RequestId_Generation -->
  <testcase name="Material_Create_Reference_Syndication_Check" time="0.0" classname="com.mendix.test.MaterialChangeScript">
    <ignored/>
  </testcase> <!-- Material_Create_Reference_Syndication_Check -->
  <testcase name="Material_Create_Fill_In_Data_Reference" time="0.0" classname="com.mendix.test.MaterialChangeScript">
    <ignored/>
  </testcase> <!-- Material_Create_Fill_In_Data_Reference -->
  <testcase name="Material_Create_Fill_In_Data_Change" time="0.0" classname="com.mendix.test.MaterialChangeScript">
    <ignored/>
  </testcase> <!-- Material_Create_Fill_In_Data_Change -->
</testsuite> <!-- Material_Change_Check -->
