<?xml version="1.0" encoding="UTF-8"?>
<!-- Generated by org.testng.reporters.JUnitXMLReporter -->
<testsuite hostname="DESKTOP-NHGDMMS" ignored="4" name="HeiPort_Login_LDR" tests="3" failures="0" timestamp="31 Dec 2018 11:15:20 GMT" time="13.106" errors="0">
  <testcase name="tasKill" time="0.042" classname="com.mendix.test.LoginScript"/>
  <testcase name="openBrowser" time="4.557" classname="com.mendix.test.LoginScript"/>
  <testcase name="loginAsLDR" time="8.423" classname="com.mendix.test.LoginScript"/>
  <testcase name="loginAsGDA" time="0.0" classname="com.mendix.test.LoginScript">
    <ignored/>
  </testcase> <!-- loginAsGDA -->
  <testcase name="loginAsLBDA" time="0.0" classname="com.mendix.test.LoginScript">
    <ignored/>
  </testcase> <!-- loginAsLBDA -->
  <testcase name="loginAsLDS" time="0.0" classname="com.mendix.test.LoginScript">
    <ignored/>
  </testcase> <!-- loginAsLDS -->
  <testcase name="loginAsGBDA" time="0.0" classname="com.mendix.test.LoginScript">
    <ignored/>
  </testcase> <!-- loginAsGBDA -->
</testsuite> <!-- HeiPort_Login_LDR -->
