<!DOCTYPE html>
<html xmlns='http://www.w3.org/1999/xhtml' xml:lang='en'> 
<!--
	ExtentReports Library v1.2 | http://relevantcodes.com/extentreports-for-selenium/ | https://github.com/relevantcodes/
	Owner:  Anshoo Arora
	Contributors:  Bas Dijkstra
--> 
	<head>
		<title>Create Vendor Happy flow - with disable Local and Bank Request(SAP)</title>
		<link href='http://fonts.googleapis.com/css?family=Source+Sans+Pro:400,600' rel='stylesheet' type='text/css' />
		<link href="http://maxcdn.bootstrapcdn.com/font-awesome/4.3.0/css/font-awesome.min.css" rel="stylesheet" />
		<link href="http://cdn.rawgit.com/noelboss/featherlight/1.0.4/release/featherlight.min.css" type="text/css" rel="stylesheet" />
		<style type='text/css'>
			html {overflow-y: scroll;}
			body {color: #022b37;font-family: 'Source Sans Pro', Calibri;font-size: 14px;margin: 0;}
			a {color: #0054a6;text-decoration: none;}
			#extent-container, #header, #dashboard, #filters, #content, #footer {width: 100%;}
			.topbar, .title, .menu, .dashboard, .filters, .content, .footer {margin: 0 auto;width: 1050px;		}
			#topbar {background-color: #f1f1f1;min-height: 30px;}
			.topbar {font-size: 11px;padding: 4px 0;}
			.topbar-items-right {float: right;}
			.topbar-items-right span {border-left: 1px solid #ccc;padding: 0px 8px;vertical-align: sub;} .topbar-items-right span:first-child {border-left: none;}
			.headline {color: #777;font-size: 12px;}
			#title {margin: 25px 0 30px;}
			.logo {font-family: 'Source Sans Pro', Verdana;font-size: 16px;letter-spacing: 1px;}
			.menu-items {margin-top: -32px;float: right;}
			.menu ul li {display: inline;list-style-image: none;list-style-position: outside;padding: 10px 8px;}			
			.menu span {color: #0054a6;cursor: pointer;font-family: Verdana;font-size: 11px;text-transform: uppercase;}
			.menu-item-selected span {border-bottom: 1px solid #507fd6;}
			#dashboard {background-color: #f9f9f9;border-bottom: 1px solid #dbdbdb;max-height: 320px !important;height: 320px !important;margin-top: 20px;}
			.dashboard {padding: 40px 0;}
			#tabs-2, #tabs-3 {display: none;}
			.graphs {margin-left: auto;margin-right: auto;text-align: center;}
			.graphs div {display: inline-block;margin-bottom: -40px;}
			.summary-items {margin: 0 auto 20px;width: 1000px;}
			.summary-item {border: 1px solid #b4bfc3;display: inline-block;margin: 10px;padding: 15px 0 30px;position: relative;text-align: center;width: 220px;}
			.summary-item span {display: block;}
			.item-value {color: #a4afb3;font-size: 24px;line-height: 40px;}
			.item-name {color: #022b36;font-size: 13px;}
			.filters {margin: 60px auto 5px !important;}
			.by-status {margin-right: 40px;}
			.by-status, .by-feature {display: inline-block;}
			.by-status div {margin-right: 2px;}
			.content {margin: 0 auto 100px !important;}
			.test {border: 1px solid #b4bfc3;color: #0054a6;cursor: pointer;height: auto;margin: 5px 0;padding: 20px;}
			.test-expanded {border: 1px solid #434e52;border-top: 2px solid #434e52;height: auto;width: auto;}
			.name {font-family: Verdana;font-size: 15px;}
			.test-info {float: right;margin-top: -20px;text-transform: uppercase;}
			.test-status, .startedAt, .endedAt {font-family: Verdana, "Lucida Grande";font-size: 11px;padding: 4px 10px;}
			.test-status {color: #fff !important;}
			.startedAt, .endedAt {border: 1px solid #507fd6;color: #121212;}
			.description {color: #444;margin-top: 15px;padding:2px;}
			.description-title {font-size: 12px;font-weight: 600;text-transform: uppercase;}
			.description-content {font-family: Arial;font-size: 14px;}
			.test-header {margin: -20px;padding: 20px;}
			.exec-info {display: none;margin-top: 25px;}
			.extent-table {border: 1px solid #ddd;border-collapse: collapse;color: #222;font-family: Arial;width: 100%;}
			.extent-table tr:hover {background-color: #f9fafc;}
			.extent-table th {background: #f5f6f8;border-bottom: 1px solid #ddd;color: #242533;font-size: 8pt;font-weight: 600;padding: 12px 10px;text-align: left;text-transform: uppercase;}
			.extent-table td {padding: 7px 10px;border-bottom: 1px solid #e9e9e9;word-break: break-all;}
			.extent-table td:first-child {width: 67px;}
			.extent-table td:nth-child(2) {font-size: 12px;text-align: center;width: 50px;}
			.extent-table td:nth-child(3) {min-width: 160px;}
			.log-event {font-family: monospace, Consolas;font-size: 13px !important;}
			.logevent-timestamp {font-weight: bold;}
			.extent-button {border: 1px solid;cursor: pointer;display: inline;font-size: 13px;text-decoration: none;line-height: 13.4667px;padding: 6px 18px;text-align: center;transition: all 0.2s ease-in-out 0s;vertical-align: middle;}
			.extent-button i {padding-right: 5px;}
			.extent-button-green {border-color: #5cb85c;color: #5cb85c;}
			.extent-button-green:hover {background-color: #5cb85c;color: white;}
			.extent-button-red {border-color: #d9534f;color: #d9534f;}
			.extent-button-red:hover {background-color: #d9534f;color: white;}
			.extent-button-orange {border-color: #f0ad4e;color: #f0ad4e;}
			.extent-button-orange:hover {background-color: #f0ad4e;color: white;}
			.extent-button-lightred {border-color: #e67672;color: #e67672;}
			.extent-button-lightred:hover {background-color: #e67672;color: white;}
			.status {font-family: 'Source Sans Pro';font-size: 13px;text-align: center;}
			.status.fail, .status.fail i {color: red;} .test-info .fail{background-color: red !important;}
			.status.fatal, .status.fatal i {color: darkred;} .test-info .fatal{background-color: darkred !important;}
			.status.error, .status.error i {color: tomato;} .test-info .error {background-color: tomato !important;}
			.status.warning, .status.warning i {color: orange;} .test-info .warning {background-color: orange !important;}
			.status.pass, .status.pass i {color: #32CD32;} .test-info .pass {background-color: #32CD32 !important;}
			.status.info, .status.info i {color: blue;}
			.status.skip, .status.skip i {color: #777;} .test-info .skip {background-color: #999 !important;}
			.extent-button .fa, .status .fa {font-size: 13px !important;}
			#footer {padding: 20px 0 100px;}
			.report-img {border: 4px solid #eee;display: block;height: auto;margin-left: 5px;margin-top: 15px;text-align: center;width: 60%;}
			.report-img-large {border: 4px solid #eee;display: block;height: auto;margin-left: auto;margin-right: auto;margin-top: 15px;text-align: center;width: 60%;}
			.pointer {cursor: pointer;}
			.unselected i{color:#aaa !important;}
			/*!
			 * Bootstrap v3.3.2 (http://getbootstrap.com)
			 * Copyright 2011-2015 Twitter, Inc.
			 * Licensed under MIT (https://github.com/twbs/bootstrap/blob/master/LICENSE)
			 */
			.btn {display: inline-block;margin-bottom: 0;font-weight: normal;text-align: center;vertical-align: middle;-ms-touch-action: manipulation;touch-action: manipulation;cursor: pointer;background-image: none;white-space: nowrap;padding: 6px 12px;font-size: 14px;line-height: 1.42857143;-webkit-user-select: none;-moz-user-select: none;-ms-user-select: none;user-select: none;}
			.btn:focus,.btn:active:focus,.btn.active:focus,.btn.focus,.btn:active.focus,.btn.active.focus {outline: thin dotted;outline: 5px auto -webkit-focus-ring-color;outline-offset: -2px;}
			.btn:hover,.btn:focus,.btn.focus {color: #333333;text-decoration: none;}
			.btn-default {color: #333333;}
			.btn-default:hover,.btn-default:focus,.btn-default.focus,.btn-default:active,.btn-default.active,.open > .dropdown-toggle.btn-default {color: #333333;background-color: #e6e6e6;border-color: #adadad;}
			.caret {display: inline-block;width: 0;height: 0;margin-left: 2px;vertical-align: middle;border-top: 4px solid;border-right: 4px solid transparent;border-left: 4px solid transparent;}
			.dropup,.dropdown {position: relative;}
			.dropdown-toggle:focus {outline: 0;}
			.dropdown-menu {position: absolute;top: 100%;left: 0;z-index: 1000;display: none;float: left;min-width: 160px;padding: 5px 0;margin: 2px 0 0;list-style: none;font-size: 14px;text-align: left;background-color: #ffffff;border: 1px solid #cccccc;border: 1px solid rgba(0, 0, 0, 0.15);border-radius: 4px;-webkit-box-shadow: 0 6px 12px rgba(0, 0, 0, 0.175);box-shadow: 0 6px 12px rgba(0, 0, 0, 0.175);-webkit-background-clip: padding-box;background-clip: padding-box;}
			.dropdown-menu.pull-right {right: 0;left: auto;}
			.dropdown-menu .divider {height: 1px;margin: 9px 0;overflow: hidden;background-color: #e5e5e5;}
			.dropdown-menu > li > a {display: block;padding: 3px 20px;clear: both;font-weight: normal;line-height: 1.42857143;color: #333333;white-space: nowrap;}
			.dropdown-menu > li > a:hover,.dropdown-menu > li > a:focus {text-decoration: none;color: #262626;background-color: #f5f5f5;}
			.dropdown-menu > .active > a,.dropdown-menu > .active > a:hover,.dropdown-menu > .active > a:focus {color: #ffffff;text-decoration: none;outline: 0;background-color: #337ab7;}
			.dropdown-menu > .disabled > a,.dropdown-menu > .disabled > a:hover,.dropdown-menu > .disabled > a:focus {color: #777777;}
			.dropdown-menu > .disabled > a:hover,.dropdown-menu > .disabled > a:focus {text-decoration: none;background-color: transparent;background-image: none;filter: progid:DXImageTransform.Microsoft.gradient(enabled = false);cursor: not-allowed;}
			.open > .dropdown-menu {display: block;}
			.open > a {outline: 0;}
			.dropdown-menu-right {left: auto;right: 0;}
			.dropdown-menu-left {left: 0;right: auto;}
			.btn-group,.btn-group-vertical {position: relative;display: inline-block;vertical-align: middle;}
			.btn-group > .btn,.btn-group-vertical > .btn {position: relative; float: left;}
			.btn-group > .btn:hover,.btn-group-vertical > .btn:hover,.btn-group > .btn:focus,.btn-group-vertical > .btn:focus,.btn-group > .btn:active,.btn-group-vertical > .btn:active,.btn-group > .btn.active,.btn-group-vertical > .btn.active {z-index: 2;}
			.btn-group .btn + .btn,.btn-group .btn + .btn-group,.btn-group .btn-group + .btn,.btn-group .btn-group + .btn-group {margin-left: -1px;}
			.dropdown-menu i { font-size: 11px; padding-right: 10px; }
			.dropdown-menu div { display: inline-block; width: 24px !important; }
			.btn-group > .btn:first-child:not(:last-child):not(.dropdown-toggle) {background-color:#f1f5f8; border: medium none; border-bottom-right-radius: 0; border-top-right-radius: 0; font-family: 'Source Sans Pro';font-size:13px;padding: 11px 22px; }
		</style>
		<!--%%CUSTOMCSS%%-->
	</head>
	<div id='extent-container'>
			<div id='header'>
				<div id='topbar'>
					<div class='topbar'>
						<div class='topbar-items'>
							<div class='topbar-items-left'>
							
							</div>
							<div class='topbar-items-right'>
								<span class='headline'><!--%%REPORTSUMMARY%%-->Create Vendor Happy flow - with disable Local and Bank Request(SAP)<!--%%REPORTSUMMARY%%--></span>
								<span class='pointer resize expand' title='Resize view by enlarging/compressing tests area. Use this option if you have long test logs and would like to use broader viewing angles for analysis.'><i class='fa fa-expand'></i></span>	
								<span class='pointer toggle-type' title='Convert Tests-toggles into accordion so only one test can remain open at a time. Turning this open will enable viewing only one test at a time and will close all others for a clean and organized view. Use this open if you intend to analyse only one test at a time.'><i class='fa fa-toggle-off'></i></span>	
								<span class='pointer expand-tests' title='Expand all tests to view their results. Note: this control only expands tests if the accordion-toggle is not enabled.'><i class='fa fa-bars'></i></span>
								<span class='pointer collapse-tests' title='Collapse all tests.'><i class='fa fa-cube'></i></span>
							</div>
						</div>
					</div>
				</div>
				<div id='title'>
					<div class='title'>
						<div class='logo'>extent-reports</div>
					</div>
					<div class='menu'>
						<div class='menu-items'>
							<ul>
								<li class='menu-item-selected'><span class='tabs-1'>Dashboard</span></li>
								<li><span class='tabs-2'>Execution Info</span></li>
								<li><span class='tabs-3'>System Details</span></li>
							</ul>
						</div>
					</div>
				</div>
			</div>
			<div id='dashboard'>
				<div class='dashboard'>
					<div id='tabs-1'>
						<div class='graphs'>
							<div id='ts-status-dashboard'></div>
							<div id='step-status-dashboard'></div>
						</div>
					</div>
					<div id='tabs-2'>
						<div class='summary-items'>
							<div class='summary-item'>
								<span class='item-value'><!--%%STARTTIME%%-->01/28 16:07:30<!--%%STARTTIME%%--></span>
								<span class='item-name'>Started At</span>
							</div>
							<div class='summary-item'>
								<span class='item-value total-tests'><!--%%TOTALTESTS%%--><!--%%TOTALTESTS%%--></span>
								<span class='item-name'>Total Tests</span>
							</div>
							<div class='summary-item'>
								<span class='item-value tests-passed'><!--%%TESTSPASSED%%--><!--%%TESTSPASSED%%--></span>
								<span class='item-name'>Tests Passed</span>
							</div>
							<div class='summary-item'>
								<span class='item-value tests-failed'><!--%%TESTSFAILED%%--><!--%%TESTSFAILED%%--></span>
								<span class='item-name'>Tests Failed</span>
							</div>
							<div class='summary-item'>
								<span class='item-value'><!--%%TIMEENDED%%-->01/28 16:12:33<!--%%TIMEENDED%%--></span>
								<span class='item-name'>Ended At</span>
							</div>
							<div class='summary-item'>
								<span class='item-value total-steps'><!--%%TOTALSTEPS%%--><!--%%TOTALSTEPS%%--></span>
								<span class='item-name'>Total Steps</span>

							</div>
							<div class='summary-item'>
								<span class='item-value steps-passed'><!--%%STEPSPASSED%%--><!--%%STEPSPASSED%%--></span>
								<span class='item-name'>Steps Passed</span>
							</div>
							<div class='summary-item'>
								<span class='item-value steps-failed'><!--%%STEPSFAILED%%--><!--%%STEPSFAILED%%--></span>
								<span class='item-name'>Steps Failed</span>
							</div>
						</div>
					</div>
					<div id='tabs-3'>
						<div class='summary-items'>
							<div class='summary-item'>
								<span class='item-value'><!--%%USERNAME%%-->SatishKumarSundaramo<!--%%USERNAME%%--></span>
								<span class='item-name'>UserName</span>
							</div>
							<div class='summary-item'>
								<span class='item-value'><!--%%HOSTNAME%%-->DESKTOP-8D4LHVL<!--%%HOSTNAME%%--></span>
								<span class='item-name'>HostName</span>
							</div>
							<div class='summary-item'>
								<span class='item-value'><!--%%OS%%-->Windows 10<!--%%OS%%--></span>
								<span class='item-name'>OS</span>
							</div>
							<div class='summary-item'>
								<span class='item-value'><!--%%OSARCH%%-->amd64<!--%%OSARCH%%--></span>
								<span class='item-name'>OS Arch</span>
							</div>
							<div class='summary-item'>
								<span class='item-value'><!--%%JAVAVERSION%%-->1.8.0_191<!--%%JAVAVERSION%%--></span>
								<span class='item-name'>JavaVersion</span>
							</div>
							<div class='summary-item'>
								<span class='item-value'><!--%%LOCALE%%-->en<!--%%LOCALE%%--></span>
								<span class='item-name'>Locale</span>

							</div>
							<div class='summary-item'>
								<span class='item-value'><!--%%TOTALMEM%%-->61MB<!--%%TOTALMEM%%--></span>
								<span class='item-name'>TotalMem</span>
							</div>
							<div class='summary-item'>
								<span class='item-value'><!--%%AVAILMEM%%-->47MB<!--%%AVAILMEM%%--></span>
								<span class='item-name'>AvailableMem</span>
							</div>
						</div>
					</div>
				</div>
			</div>
			<div id='filters'>
				<div class='filters'>
					<div class='filters-container'>
						<div class='by-status'>
							<div class='btn-group'>
								<button type='button' class='btn btn-default fixtures-toggle' data-toggle='dropdown' aria-expanded='false'>Filter Tests <span class='caret'></span></button>
								<ul class='dropdown-menu test-filter' role='menu'>
									<li id='filter-pass'><a href='#'><div class='status pass unselected'><i class='fa fa-check'></i></div>Passed</a></li>
									<li id='filter-fail'><a href='#'><div class='status fail unselected'><i class='fa fa-times'></i></div>Failed</a></li>
									<li id='filter-error'><a href='#'><div class='status error unselected'><i class='fa fa-exclamation'></i></div>Error</a></li>
									<li id='filter-warning'><a href='#'><div class='status warning unselected'><i class='fa fa-question'></i></div>Warning</a></li>
									<li id='filter-skipped'><a href='#'><div class='status skip unselected'><i class='fa fa-angle-double-right'></i></div>Skipped</a></li>
									<li class='divider'></li>
									<li id='clear-all'><a href='#'>Clear filters</a></li>
								</ul>
							</div>
						</div>
					</div>
				</div>
			</div>
			<div id='content'>
				<div class='content'>
					<div id='tests'>
						<div class='test'>
							<div class='test-header'>
								<div class='name'>
									<span>Kill All Running Task</span>
								</div>
								<div class='test-info'>
									<span class='startedAt' alt='Test started time' title='Test started time'>01/28 16:07:30</span>
									<span class='endedAt' alt='Test ended time' title='Test ended time'></span>
									<span class='test-status status pass'>pass</span>
								</div>
								<!--<div class='test-tooltip'>
									<span class='toggle-span'><i class='fa fa-circle-thin'></i></span>
								</div>-->
								<div class='description' style='display:none;'>
									<span class='description-title'>Description: </span>
									<span class='description-content'></span>
								</div>
							</div>
							<div class='exec-info'>
								<table class='extent-table'>
									<thead>
										<tr>
											<th>Timestamp</th>
											<th>Status</th>
											<th>Step</th>
											<th>Details</th>
										</tr>
									</thead>
									<tbody>
										
									</tbody>
								</table>
							</div>
						</div><div class='test'>
							<div class='test-header'>
								<div class='name'>
									<span>Open Browser</span>
								</div>
								<div class='test-info'>
									<span class='startedAt' alt='Test started time' title='Test started time'>01/28 16:07:31</span>
									<span class='endedAt' alt='Test ended time' title='Test ended time'>01/28 16:08:05</span>
									<span class='test-status status fail'>fail</span>
								</div>
								<!--<div class='test-tooltip'>
									<span class='toggle-span'><i class='fa fa-circle-thin'></i></span>
								</div>-->
								<div class='description' style='display:none;'>
									<span class='description-title'>Description: </span>
									<span class='description-content'></span>
								</div>
							</div>
							<div class='exec-info'>
								<table class='extent-table'>
									<thead>
										<tr>
											<th>Timestamp</th>
											<th>Status</th>
											<th>Step</th>
											<th>Details</th>
										</tr>
									</thead>
									<tbody>
										<tr>
										<td>16:07:37</td>
										<td alt='FAIL' title='FAIL' class='status fail'><i class='fa fa-times'></i></td>
										<td class='step-name'>[RemoteTestNG.initAndRun] Unable to click MDM Workflow button Exception occurred:java.net.ConnectException: Failed to connect to localhost/0:0:0:0:0:0:0:1:30983
Build info: version: '3.14.0', revision: 'aacccce0', time: '2018-08-02T20:13:22.693Z'
System info: host: 'DESKTOP-8D4LHVL', ip: '9.251.112.7', os.name: 'Windows 10', os.arch: 'amd64', os.version: '10.0', java.version: '1.8.0_191'
Driver info: driver.version: RemoteWebDriver</td>
										<td class='step-details'><img class='report-img' data-featherlight='./screenshots/1d2ac15c-65c7-4aa2-b8ae-10668cda2e8a.png' src='./screenshots/1d2ac15c-65c7-4aa2-b8ae-10668cda2e8a.png' /></td>
									</tr><tr>
										<td>16:07:46</td>
										<td alt='FAIL' title='FAIL' class='status fail'><i class='fa fa-times'></i></td>
										<td class='step-name'>[RemoteTestNG.initAndRun] Unable to click Click the Process Info Menu button Exception occurred:java.net.ConnectException: Failed to connect to localhost/0:0:0:0:0:0:0:1:30983
Build info: version: '3.14.0', revision: 'aacccce0', time: '2018-08-02T20:13:22.693Z'
System info: host: 'DESKTOP-8D4LHVL', ip: '9.251.112.7', os.name: 'Windows 10', os.arch: 'amd64', os.version: '10.0', java.version: '1.8.0_191'
Driver info: driver.version: RemoteWebDriver</td>
										<td class='step-details'><img class='report-img' data-featherlight='./screenshots/df43f5b9-a849-49af-a6e0-c113f2e57ab2.png' src='./screenshots/df43f5b9-a849-49af-a6e0-c113f2e57ab2.png' /></td>
									</tr><tr>
										<td>16:07:50</td>
										<td alt='FAIL' title='FAIL' class='status fail'><i class='fa fa-times'></i></td>
										<td class='step-name'>[RemoteTestNG.initAndRun] Unable to click Click the Procees info search menu button Exception occurred:java.net.ConnectException: Failed to connect to localhost/0:0:0:0:0:0:0:1:30983
Build info: version: '3.14.0', revision: 'aacccce0', time: '2018-08-02T20:13:22.693Z'
System info: host: 'DESKTOP-8D4LHVL', ip: '9.251.112.7', os.name: 'Windows 10', os.arch: 'amd64', os.version: '10.0', java.version: '1.8.0_191'
Driver info: driver.version: RemoteWebDriver</td>
										<td class='step-details'><img class='report-img' data-featherlight='./screenshots/17d30959-f7bd-49b7-a48f-2af583a8e492.png' src='./screenshots/17d30959-f7bd-49b7-a48f-2af583a8e492.png' /></td>
									</tr><tr>
										<td>16:08:01</td>
										<td alt='FAIL' title='FAIL' class='status fail'><i class='fa fa-times'></i></td>
										<td class='step-name'>[RemoteTestNG.initAndRun] Unable to click Click Request Id Text Box textbox Exception occurred:java.net.ConnectException: Failed to connect to localhost/0:0:0:0:0:0:0:1:30983
Build info: version: '3.14.0', revision: 'aacccce0', time: '2018-08-02T20:13:22.693Z'
System info: host: 'DESKTOP-8D4LHVL', ip: '9.251.112.7', os.name: 'Windows 10', os.arch: 'amd64', os.version: '10.0', java.version: '1.8.0_191'
Driver info: driver.version: RemoteWebDriver</td>
										<td class='step-details'><img class='report-img' data-featherlight='./screenshots/d0043db5-7393-4ae1-ad28-208f3a2f9c9c.png' src='./screenshots/d0043db5-7393-4ae1-ad28-208f3a2f9c9c.png' /></td>
									</tr><tr>
										<td>16:08:05</td>
										<td alt='FAIL' title='FAIL' class='status fail'><i class='fa fa-times'></i></td>
										<td class='step-name'>[RemoteTestNG.initAndRun] Unable to enter error value in Enter Request Id textbox Exception occurred:java.net.ConnectException: Failed to connect to localhost/0:0:0:0:0:0:0:1:30983
Build info: version: '3.14.0', revision: 'aacccce0', time: '2018-08-02T20:13:22.693Z'
System info: host: 'DESKTOP-8D4LHVL', ip: '9.251.112.7', os.name: 'Windows 10', os.arch: 'amd64', os.version: '10.0', java.version: '1.8.0_191'
Driver info: driver.version: RemoteWebDriver</td>
										<td class='step-details'><img class='report-img' data-featherlight='./screenshots/918d13bf-d293-49a4-b7d9-6d4246aa9608.png' src='./screenshots/918d13bf-d293-49a4-b7d9-6d4246aa9608.png' /></td>
									</tr>
									</tbody>
								</table>
							</div>
						</div><div class='test'>
							<div class='test-header'>
								<div class='name'>
									<span>Open Browser</span>
								</div>
								<div class='test-info'>
									<span class='startedAt' alt='Test started time' title='Test started time'>01/28 16:08:10</span>
									<span class='endedAt' alt='Test ended time' title='Test ended time'></span>
									<span class='test-status status pass'>pass</span>
								</div>
								<!--<div class='test-tooltip'>
									<span class='toggle-span'><i class='fa fa-circle-thin'></i></span>
								</div>-->
								<div class='description' style='display:none;'>
									<span class='description-title'>Description: </span>
									<span class='description-content'></span>
								</div>
							</div>
							<div class='exec-info'>
								<table class='extent-table'>
									<thead>
										<tr>
											<th>Timestamp</th>
											<th>Status</th>
											<th>Step</th>
											<th>Details</th>
										</tr>
									</thead>
									<tbody>
										
									</tbody>
								</table>
							</div>
						</div><div class='test'>
							<div class='test-header'>
								<div class='name'>
									<span>Login As GBDA</span>
								</div>
								<div class='test-info'>
									<span class='startedAt' alt='Test started time' title='Test started time'>01/28 16:08:12</span>
									<span class='endedAt' alt='Test ended time' title='Test ended time'>01/28 16:09:17</span>
									<span class='test-status status fail'>fail</span>
								</div>
								<!--<div class='test-tooltip'>
									<span class='toggle-span'><i class='fa fa-circle-thin'></i></span>
								</div>-->
								<div class='description' style='display:none;'>
									<span class='description-title'>Description: </span>
									<span class='description-content'></span>
								</div>
							</div>
							<div class='exec-info'>
								<table class='extent-table'>
									<thead>
										<tr>
											<th>Timestamp</th>
											<th>Status</th>
											<th>Step</th>
											<th>Details</th>
										</tr>
									</thead>
									<tbody>
										<tr>
										<td>16:08:13</td>
										<td alt='PASS' title='PASS' class='status pass'><i class='fa fa-check'></i></td>
										<td class='step-details' colspan='2'>[RemoteTestNG.initAndRun] Clicked Username textbox</td>
									</tr><tr>
										<td>16:08:13</td>
										<td alt='PASS' title='PASS' class='status pass'><i class='fa fa-check'></i></td>
										<td class='step-details' colspan='2'>[RemoteTestNG.initAndRun] Clicked Password textbox</td>
									</tr><tr>
										<td>16:08:15</td>
										<td alt='PASS' title='PASS' class='status pass'><i class='fa fa-check'></i></td>
										<td class='step-details' colspan='2'>[RemoteTestNG.initAndRun] Entered MDM_GDA in Username textbox</td>
									</tr><tr>
										<td>16:08:17</td>
										<td alt='PASS' title='PASS' class='status pass'><i class='fa fa-check'></i></td>
										<td class='step-details' colspan='2'>[RemoteTestNG.initAndRun] Entered Heineken01 in Password textbox</td>
									</tr><tr>
										<td>16:08:22</td>
										<td alt='PASS' title='PASS' class='status pass'><i class='fa fa-check'></i></td>
										<td class='step-details' colspan='2'>[RemoteTestNG.initAndRun] Clicked Login button</td>
									</tr><tr>
										<td>16:08:25</td>
										<td alt='PASS' title='PASS' class='status pass'><i class='fa fa-check'></i></td>
										<td class='step-details' colspan='2'>[RemoteTestNG.initAndRun] Clicked MDM Workflow button</td>
									</tr><tr>
										<td>16:08:36</td>
										<td alt='FAIL' title='FAIL' class='status fail'><i class='fa fa-times'></i></td>
										<td class='step-name'>[RemoteTestNG.initAndRun] Unable to click MDM Workflow button Exception occurred:Unable to find element with xpath == //a[text()='MDM Workflow']
For documentation on this error, please visit: http://seleniumhq.org/exceptions/no_such_element.html
Build info: version: '3.14.0', revision: 'aacccce0', time: '2018-08-02T20:13:22.693Z'
System info: host: 'DESKTOP-8D4LHVL', ip: '9.251.112.7', os.name: 'Windows 10', os.arch: 'amd64', os.version: '10.0', java.version: '1.8.0_191'
Driver info: org.openqa.selenium.ie.InternetExplorerDriver
Capabilities {acceptInsecureCerts: false, browserName: internet explorer, browserVersion: 11, javascriptEnabled: true, pageLoadStrategy: normal, platform: WINDOWS, platformName: WINDOWS, proxy: Proxy(), se:ieOptions: {browserAttachTimeout: 0, elementScrollBehavior: 0, enablePersistentHover: true, ie.browserCommandLineSwitches: , ie.ensureCleanSession: false, ie.fileUploadDialogTimeout: 3000, ie.forceCreateProcessApi: false, ignoreProtectedModeSettings: false, ignoreZoomSetting: false, initialBrowserUrl: http://localhost:30646/, nativeEvents: true, requireWindowFocus: false}, setWindowRect: true, timeouts: {implicit: 0, pageLoad: 300000, script: 30000}}
Session ID: 94ee8d23-0abd-48ba-b831-d55d10927796
*** Element info: {Using=xpath, value=//a[text()='MDM Workflow']}</td>
										<td class='step-details'><img class='report-img' data-featherlight='./screenshots/e732b9be-03e6-40fc-9832-e50d90d0d3ae.png' src='./screenshots/e732b9be-03e6-40fc-9832-e50d90d0d3ae.png' /></td>
									</tr><tr>
										<td>16:08:40</td>
										<td alt='FAIL' title='FAIL' class='status fail'><i class='fa fa-times'></i></td>
										<td class='step-name'>[RemoteTestNG.initAndRun] Unable to click Click the Process Info Menu button Exception occurred:Unable to find element with xpath == //a[contains(text(),'Process Information')]
For documentation on this error, please visit: http://seleniumhq.org/exceptions/no_such_element.html
Build info: version: '3.14.0', revision: 'aacccce0', time: '2018-08-02T20:13:22.693Z'
System info: host: 'DESKTOP-8D4LHVL', ip: '9.251.112.7', os.name: 'Windows 10', os.arch: 'amd64', os.version: '10.0', java.version: '1.8.0_191'
Driver info: org.openqa.selenium.ie.InternetExplorerDriver
Capabilities {acceptInsecureCerts: false, browserName: internet explorer, browserVersion: 11, javascriptEnabled: true, pageLoadStrategy: normal, platform: WINDOWS, platformName: WINDOWS, proxy: Proxy(), se:ieOptions: {browserAttachTimeout: 0, elementScrollBehavior: 0, enablePersistentHover: true, ie.browserCommandLineSwitches: , ie.ensureCleanSession: false, ie.fileUploadDialogTimeout: 3000, ie.forceCreateProcessApi: false, ignoreProtectedModeSettings: false, ignoreZoomSetting: false, initialBrowserUrl: http://localhost:30646/, nativeEvents: true, requireWindowFocus: false}, setWindowRect: true, timeouts: {implicit: 0, pageLoad: 300000, script: 30000}}
Session ID: 94ee8d23-0abd-48ba-b831-d55d10927796
*** Element info: {Using=xpath, value=//a[contains(text(),'Process Information')]}</td>
										<td class='step-details'><img class='report-img' data-featherlight='./screenshots/3af4d1ad-cc2f-4d4a-b68e-ae9f49e7209b.png' src='./screenshots/3af4d1ad-cc2f-4d4a-b68e-ae9f49e7209b.png' /></td>
									</tr><tr>
										<td>16:08:40</td>
										<td alt='FAIL' title='FAIL' class='status fail'><i class='fa fa-times'></i></td>
										<td class='step-name'>[RemoteTestNG.initAndRun] Unable to click Click the Procees info search menu button Exception occurred:Unable to find element with xpath == (//*[starts-with(text(),' Process Search')])[1]
For documentation on this error, please visit: http://seleniumhq.org/exceptions/no_such_element.html
Build info: version: '3.14.0', revision: 'aacccce0', time: '2018-08-02T20:13:22.693Z'
System info: host: 'DESKTOP-8D4LHVL', ip: '9.251.112.7', os.name: 'Windows 10', os.arch: 'amd64', os.version: '10.0', java.version: '1.8.0_191'
Driver info: org.openqa.selenium.ie.InternetExplorerDriver
Capabilities {acceptInsecureCerts: false, browserName: internet explorer, browserVersion: 11, javascriptEnabled: true, pageLoadStrategy: normal, platform: WINDOWS, platformName: WINDOWS, proxy: Proxy(), se:ieOptions: {browserAttachTimeout: 0, elementScrollBehavior: 0, enablePersistentHover: true, ie.browserCommandLineSwitches: , ie.ensureCleanSession: false, ie.fileUploadDialogTimeout: 3000, ie.forceCreateProcessApi: false, ignoreProtectedModeSettings: false, ignoreZoomSetting: false, initialBrowserUrl: http://localhost:30646/, nativeEvents: true, requireWindowFocus: false}, setWindowRect: true, timeouts: {implicit: 0, pageLoad: 300000, script: 30000}}
Session ID: 94ee8d23-0abd-48ba-b831-d55d10927796
*** Element info: {Using=xpath, value=(//*[starts-with(text(),' Process Search')])[1]}</td>
										<td class='step-details'><img class='report-img' data-featherlight='./screenshots/c6f7f54b-fd6a-40e5-b093-637aef6ae998.png' src='./screenshots/c6f7f54b-fd6a-40e5-b093-637aef6ae998.png' /></td>
									</tr><tr>
										<td>16:09:02</td>
										<td alt='FAIL' title='FAIL' class='status fail'><i class='fa fa-times'></i></td>
										<td class='step-name'>[RemoteTestNG.initAndRun] Unable to click Search My task button Exception occurred:Unable to find element with xpath == //a[text()=' My Tasks']
For documentation on this error, please visit: http://seleniumhq.org/exceptions/no_such_element.html
Build info: version: '3.14.0', revision: 'aacccce0', time: '2018-08-02T20:13:22.693Z'
System info: host: 'DESKTOP-8D4LHVL', ip: '9.251.112.7', os.name: 'Windows 10', os.arch: 'amd64', os.version: '10.0', java.version: '1.8.0_191'
Driver info: org.openqa.selenium.ie.InternetExplorerDriver
Capabilities {acceptInsecureCerts: false, browserName: internet explorer, browserVersion: 11, javascriptEnabled: true, pageLoadStrategy: normal, platform: WINDOWS, platformName: WINDOWS, proxy: Proxy(), se:ieOptions: {browserAttachTimeout: 0, elementScrollBehavior: 0, enablePersistentHover: true, ie.browserCommandLineSwitches: , ie.ensureCleanSession: false, ie.fileUploadDialogTimeout: 3000, ie.forceCreateProcessApi: false, ignoreProtectedModeSettings: false, ignoreZoomSetting: false, initialBrowserUrl: http://localhost:23345/, nativeEvents: true, requireWindowFocus: false}, setWindowRect: true, timeouts: {implicit: 0, pageLoad: 300000, script: 30000}}
Session ID: 84c35850-3451-4dfb-b00e-e036bbde3d0f
*** Element info: {Using=xpath, value=//a[text()=' My Tasks']}</td>
										<td class='step-details'><img class='report-img' data-featherlight='./screenshots/40a94104-e009-466e-b806-fe832ec6c016.png' src='./screenshots/40a94104-e009-466e-b806-fe832ec6c016.png' /></td>
									</tr><tr>
										<td>16:09:16</td>
										<td alt='FAIL' title='FAIL' class='status fail'><i class='fa fa-times'></i></td>
										<td class='step-name'>[RemoteTestNG.initAndRun] Unable to click Click Request Id Text Box textbox Exception occurred:Unable to find element with css selector == div[id^='mxui_widget_NumberInput_'][class^='mx-name-textBox2'] :nth-child(1)
For documentation on this error, please visit: http://seleniumhq.org/exceptions/no_such_element.html
Build info: version: '3.14.0', revision: 'aacccce0', time: '2018-08-02T20:13:22.693Z'
System info: host: 'DESKTOP-8D4LHVL', ip: '9.251.112.7', os.name: 'Windows 10', os.arch: 'amd64', os.version: '10.0', java.version: '1.8.0_191'
Driver info: org.openqa.selenium.ie.InternetExplorerDriver
Capabilities {acceptInsecureCerts: false, browserName: internet explorer, browserVersion: 11, javascriptEnabled: true, pageLoadStrategy: normal, platform: WINDOWS, platformName: WINDOWS, proxy: Proxy(), se:ieOptions: {browserAttachTimeout: 0, elementScrollBehavior: 0, enablePersistentHover: true, ie.browserCommandLineSwitches: , ie.ensureCleanSession: false, ie.fileUploadDialogTimeout: 3000, ie.forceCreateProcessApi: false, ignoreProtectedModeSettings: false, ignoreZoomSetting: false, initialBrowserUrl: http://localhost:30646/, nativeEvents: true, requireWindowFocus: false}, setWindowRect: true, timeouts: {implicit: 0, pageLoad: 300000, script: 30000}}
Session ID: 94ee8d23-0abd-48ba-b831-d55d10927796
*** Element info: {Using=css selector, value=div[id^='mxui_widget_NumberInput_'][class^='mx-name-textBox2'] :nth-child(1)}</td>
										<td class='step-details'><img class='report-img' data-featherlight='./screenshots/ceff0237-8a63-4a36-ac81-f77702b9cde7.png' src='./screenshots/ceff0237-8a63-4a36-ac81-f77702b9cde7.png' /></td>
									</tr><tr>
										<td>16:09:17</td>
										<td alt='FAIL' title='FAIL' class='status fail'><i class='fa fa-times'></i></td>
										<td class='step-name'>[RemoteTestNG.initAndRun] Unable to enter error value in Enter Request Id textbox Exception occurred:Unable to find element with css selector == div[id^='mxui_widget_NumberInput_'][class^='mx-name-textBox2'] :nth-child(1)
For documentation on this error, please visit: http://seleniumhq.org/exceptions/no_such_element.html
Build info: version: '3.14.0', revision: 'aacccce0', time: '2018-08-02T20:13:22.693Z'
System info: host: 'DESKTOP-8D4LHVL', ip: '9.251.112.7', os.name: 'Windows 10', os.arch: 'amd64', os.version: '10.0', java.version: '1.8.0_191'
Driver info: org.openqa.selenium.ie.InternetExplorerDriver
Capabilities {acceptInsecureCerts: false, browserName: internet explorer, browserVersion: 11, javascriptEnabled: true, pageLoadStrategy: normal, platform: WINDOWS, platformName: WINDOWS, proxy: Proxy(), se:ieOptions: {browserAttachTimeout: 0, elementScrollBehavior: 0, enablePersistentHover: true, ie.browserCommandLineSwitches: , ie.ensureCleanSession: false, ie.fileUploadDialogTimeout: 3000, ie.forceCreateProcessApi: false, ignoreProtectedModeSettings: false, ignoreZoomSetting: false, initialBrowserUrl: http://localhost:30646/, nativeEvents: true, requireWindowFocus: false}, setWindowRect: true, timeouts: {implicit: 0, pageLoad: 300000, script: 30000}}
Session ID: 94ee8d23-0abd-48ba-b831-d55d10927796
*** Element info: {Using=css selector, value=div[id^='mxui_widget_NumberInput_'][class^='mx-name-textBox2'] :nth-child(1)}</td>
										<td class='step-details'><img class='report-img' data-featherlight='./screenshots/d4a047f6-dfe5-4a51-bd02-714e8de78974.png' src='./screenshots/d4a047f6-dfe5-4a51-bd02-714e8de78974.png' /></td>
									</tr>
									</tbody>
								</table>
							</div>
						</div><div class='test'>
							<div class='test-header'>
								<div class='name'>
									<span>Open Browser</span>
								</div>
								<div class='test-info'>
									<span class='startedAt' alt='Test started time' title='Test started time'>01/28 16:09:19</span>
									<span class='endedAt' alt='Test ended time' title='Test ended time'>01/28 16:09:43</span>
									<span class='test-status status pass'>pass</span>
								</div>
								<!--<div class='test-tooltip'>
									<span class='toggle-span'><i class='fa fa-circle-thin'></i></span>
								</div>-->
								<div class='description' style='display:none;'>
									<span class='description-title'>Description: </span>
									<span class='description-content'></span>
								</div>
							</div>
							<div class='exec-info'>
								<table class='extent-table'>
									<thead>
										<tr>
											<th>Timestamp</th>
											<th>Status</th>
											<th>Step</th>
											<th>Details</th>
										</tr>
									</thead>
									<tbody>
										<tr>
										<td>16:09:36</td>
										<td alt='FAIL' title='FAIL' class='status fail'><i class='fa fa-times'></i></td>
										<td class='step-name'>[RemoteTestNG.initAndRun] Unable to click Search My task button Exception occurred:Currently focused window has been closed.
Build info: version: '3.14.0', revision: 'aacccce0', time: '2018-08-02T20:13:22.693Z'
System info: host: 'DESKTOP-8D4LHVL', ip: '9.251.112.7', os.name: 'Windows 10', os.arch: 'amd64', os.version: '10.0', java.version: '1.8.0_191'
Driver info: org.openqa.selenium.ie.InternetExplorerDriver
Capabilities {acceptInsecureCerts: false, browserName: internet explorer, browserVersion: 11, javascriptEnabled: true, pageLoadStrategy: normal, platform: WINDOWS, platformName: WINDOWS, proxy: Proxy(), se:ieOptions: {browserAttachTimeout: 0, elementScrollBehavior: 0, enablePersistentHover: true, ie.browserCommandLineSwitches: , ie.ensureCleanSession: false, ie.fileUploadDialogTimeout: 3000, ie.forceCreateProcessApi: false, ignoreProtectedModeSettings: false, ignoreZoomSetting: false, initialBrowserUrl: http://localhost:23345/, nativeEvents: true, requireWindowFocus: false}, setWindowRect: true, timeouts: {implicit: 0, pageLoad: 300000, script: 30000}}
Session ID: 84c35850-3451-4dfb-b00e-e036bbde3d0f
*** Element info: {Using=xpath, value=//*[text()='Search']}</td>
										<td class='step-details'><img class='report-img' data-featherlight='./screenshots/9a9171aa-8283-4d6f-a37e-798493ab59e4.png' src='./screenshots/9a9171aa-8283-4d6f-a37e-798493ab59e4.png' /></td>
									</tr><tr>
										<td>16:09:38</td>
										<td alt='FAIL' title='FAIL' class='status fail'><i class='fa fa-times'></i></td>
										<td class='step-name'>[RemoteTestNG.initAndRun] Unable to click Click Enter Request Id textbox Exception occurred:Currently focused window has been closed.
Build info: version: '3.14.0', revision: 'aacccce0', time: '2018-08-02T20:13:22.693Z'
System info: host: 'DESKTOP-8D4LHVL', ip: '9.251.112.7', os.name: 'Windows 10', os.arch: 'amd64', os.version: '10.0', java.version: '1.8.0_191'
Driver info: org.openqa.selenium.ie.InternetExplorerDriver
Capabilities {acceptInsecureCerts: false, browserName: internet explorer, browserVersion: 11, javascriptEnabled: true, pageLoadStrategy: normal, platform: WINDOWS, platformName: WINDOWS, proxy: Proxy(), se:ieOptions: {browserAttachTimeout: 0, elementScrollBehavior: 0, enablePersistentHover: true, ie.browserCommandLineSwitches: , ie.ensureCleanSession: false, ie.fileUploadDialogTimeout: 3000, ie.forceCreateProcessApi: false, ignoreProtectedModeSettings: false, ignoreZoomSetting: false, initialBrowserUrl: http://localhost:23345/, nativeEvents: true, requireWindowFocus: false}, setWindowRect: true, timeouts: {implicit: 0, pageLoad: 300000, script: 30000}}
Session ID: 84c35850-3451-4dfb-b00e-e036bbde3d0f
*** Element info: {Using=xpath, value=//label[text()='Request ID']/../../div[2]/input}</td>
										<td class='step-details'><img class='report-img' data-featherlight='./screenshots/609808ef-c977-4da8-a356-ce3944ca052c.png' src='./screenshots/609808ef-c977-4da8-a356-ce3944ca052c.png' /></td>
									</tr><tr>
										<td>16:09:39</td>
										<td alt='FAIL' title='FAIL' class='status fail'><i class='fa fa-times'></i></td>
										<td class='step-name'>[RemoteTestNG.initAndRun] Unable to enter error value in Enter Request Id textbox textbox Exception occurred:Currently focused window has been closed.
Build info: version: '3.14.0', revision: 'aacccce0', time: '2018-08-02T20:13:22.693Z'
System info: host: 'DESKTOP-8D4LHVL', ip: '9.251.112.7', os.name: 'Windows 10', os.arch: 'amd64', os.version: '10.0', java.version: '1.8.0_191'
Driver info: org.openqa.selenium.ie.InternetExplorerDriver
Capabilities {acceptInsecureCerts: false, browserName: internet explorer, browserVersion: 11, javascriptEnabled: true, pageLoadStrategy: normal, platform: WINDOWS, platformName: WINDOWS, proxy: Proxy(), se:ieOptions: {browserAttachTimeout: 0, elementScrollBehavior: 0, enablePersistentHover: true, ie.browserCommandLineSwitches: , ie.ensureCleanSession: false, ie.fileUploadDialogTimeout: 3000, ie.forceCreateProcessApi: false, ignoreProtectedModeSettings: false, ignoreZoomSetting: false, initialBrowserUrl: http://localhost:23345/, nativeEvents: true, requireWindowFocus: false}, setWindowRect: true, timeouts: {implicit: 0, pageLoad: 300000, script: 30000}}
Session ID: 84c35850-3451-4dfb-b00e-e036bbde3d0f
*** Element info: {Using=xpath, value=//label[text()='Request ID']/../../div[2]/input}</td>
										<td class='step-details'><img class='report-img' data-featherlight='./screenshots/46f2f596-3f25-45f1-9cf7-cc75c1d28c70.png' src='./screenshots/46f2f596-3f25-45f1-9cf7-cc75c1d28c70.png' /></td>
									</tr><tr>
										<td>16:09:40</td>
										<td alt='FAIL' title='FAIL' class='status fail'><i class='fa fa-times'></i></td>
										<td class='step-name'>[RemoteTestNG.initAndRun] Unable to click Click Search Button button Exception occurred:Currently focused window has been closed.
Build info: version: '3.14.0', revision: 'aacccce0', time: '2018-08-02T20:13:22.693Z'
System info: host: 'DESKTOP-8D4LHVL', ip: '9.251.112.7', os.name: 'Windows 10', os.arch: 'amd64', os.version: '10.0', java.version: '1.8.0_191'
Driver info: org.openqa.selenium.ie.InternetExplorerDriver
Capabilities {acceptInsecureCerts: false, browserName: internet explorer, browserVersion: 11, javascriptEnabled: true, pageLoadStrategy: normal, platform: WINDOWS, platformName: WINDOWS, proxy: Proxy(), se:ieOptions: {browserAttachTimeout: 0, elementScrollBehavior: 0, enablePersistentHover: true, ie.browserCommandLineSwitches: , ie.ensureCleanSession: false, ie.fileUploadDialogTimeout: 3000, ie.forceCreateProcessApi: false, ignoreProtectedModeSettings: false, ignoreZoomSetting: false, initialBrowserUrl: http://localhost:23345/, nativeEvents: true, requireWindowFocus: false}, setWindowRect: true, timeouts: {implicit: 0, pageLoad: 300000, script: 30000}}
Session ID: 84c35850-3451-4dfb-b00e-e036bbde3d0f
*** Element info: {Using=xpath, value=(.//button[text()='Search'])[1]}</td>
										<td class='step-details'><img class='report-img' data-featherlight='./screenshots/e3a29e28-8371-4dd1-96f4-605376adf8da.png' src='./screenshots/e3a29e28-8371-4dd1-96f4-605376adf8da.png' /></td>
									</tr><tr>
										<td>16:09:41</td>
										<td alt='FAIL' title='FAIL' class='status fail'><i class='fa fa-times'></i></td>
										<td class='step-name'>[RemoteTestNG.initAndRun] Unable to click Click Open Task button Exception occurred:Currently focused window has been closed.
Build info: version: '3.14.0', revision: 'aacccce0', time: '2018-08-02T20:13:22.693Z'
System info: host: 'DESKTOP-8D4LHVL', ip: '9.251.112.7', os.name: 'Windows 10', os.arch: 'amd64', os.version: '10.0', java.version: '1.8.0_191'
Driver info: org.openqa.selenium.ie.InternetExplorerDriver
Capabilities {acceptInsecureCerts: false, browserName: internet explorer, browserVersion: 11, javascriptEnabled: true, pageLoadStrategy: normal, platform: WINDOWS, platformName: WINDOWS, proxy: Proxy(), se:ieOptions: {browserAttachTimeout: 0, elementScrollBehavior: 0, enablePersistentHover: true, ie.browserCommandLineSwitches: , ie.ensureCleanSession: false, ie.fileUploadDialogTimeout: 3000, ie.forceCreateProcessApi: false, ignoreProtectedModeSettings: false, ignoreZoomSetting: false, initialBrowserUrl: http://localhost:23345/, nativeEvents: true, requireWindowFocus: false}, setWindowRect: true, timeouts: {implicit: 0, pageLoad: 300000, script: 30000}}
Session ID: 84c35850-3451-4dfb-b00e-e036bbde3d0f
*** Element info: {Using=xpath, value=.//button[text()='Open Task']}</td>
										<td class='step-details'><img class='report-img' data-featherlight='./screenshots/6c8bd1d6-19e5-4fc7-9d2b-99f38012e99a.png' src='./screenshots/6c8bd1d6-19e5-4fc7-9d2b-99f38012e99a.png' /></td>
									</tr><tr>
										<td>16:09:42</td>
										<td alt='FAIL' title='FAIL' class='status fail'><i class='fa fa-times'></i></td>
										<td class='step-name'>[RemoteTestNG.initAndRun] Unable to click Click Local Action button button Exception occurred:Currently focused window has been closed.
Build info: version: '3.14.0', revision: 'aacccce0', time: '2018-08-02T20:13:22.693Z'
System info: host: 'DESKTOP-8D4LHVL', ip: '9.251.112.7', os.name: 'Windows 10', os.arch: 'amd64', os.version: '10.0', java.version: '1.8.0_191'
Driver info: org.openqa.selenium.ie.InternetExplorerDriver
Capabilities {acceptInsecureCerts: false, browserName: internet explorer, browserVersion: 11, javascriptEnabled: true, pageLoadStrategy: normal, platform: WINDOWS, platformName: WINDOWS, proxy: Proxy(), se:ieOptions: {browserAttachTimeout: 0, elementScrollBehavior: 0, enablePersistentHover: true, ie.browserCommandLineSwitches: , ie.ensureCleanSession: false, ie.fileUploadDialogTimeout: 3000, ie.forceCreateProcessApi: false, ignoreProtectedModeSettings: false, ignoreZoomSetting: false, initialBrowserUrl: http://localhost:23345/, nativeEvents: true, requireWindowFocus: false}, setWindowRect: true, timeouts: {implicit: 0, pageLoad: 300000, script: 30000}}
Session ID: 84c35850-3451-4dfb-b00e-e036bbde3d0f
*** Element info: {Using=xpath, value=//span[@class='glyphicon glyphicon-flash']}</td>
										<td class='step-details'><img class='report-img' data-featherlight='./screenshots/c98a63d4-4ef0-4989-a200-0aa85f033ec9.png' src='./screenshots/c98a63d4-4ef0-4989-a200-0aa85f033ec9.png' /></td>
									</tr><tr>
										<td>16:09:43</td>
										<td alt='FAIL' title='FAIL' class='status fail'><i class='fa fa-times'></i></td>
										<td class='step-name'>[RemoteTestNG.initAndRun] Unable to click Click Approval Button button Exception occurred:Currently focused window has been closed.
Build info: version: '3.14.0', revision: 'aacccce0', time: '2018-08-02T20:13:22.693Z'
System info: host: 'DESKTOP-8D4LHVL', ip: '9.251.112.7', os.name: 'Windows 10', os.arch: 'amd64', os.version: '10.0', java.version: '1.8.0_191'
Driver info: org.openqa.selenium.ie.InternetExplorerDriver
Capabilities {acceptInsecureCerts: false, browserName: internet explorer, browserVersion: 11, javascriptEnabled: true, pageLoadStrategy: normal, platform: WINDOWS, platformName: WINDOWS, proxy: Proxy(), se:ieOptions: {browserAttachTimeout: 0, elementScrollBehavior: 0, enablePersistentHover: true, ie.browserCommandLineSwitches: , ie.ensureCleanSession: false, ie.fileUploadDialogTimeout: 3000, ie.forceCreateProcessApi: false, ignoreProtectedModeSettings: false, ignoreZoomSetting: false, initialBrowserUrl: http://localhost:23345/, nativeEvents: true, requireWindowFocus: false}, setWindowRect: true, timeouts: {implicit: 0, pageLoad: 300000, script: 30000}}
Session ID: 84c35850-3451-4dfb-b00e-e036bbde3d0f
*** Element info: {Using=css selector, value=.glyphicon.glyphicon-ok}</td>
										<td class='step-details'><img class='report-img' data-featherlight='./screenshots/52474224-0e69-441e-bdb9-1a860b94bd7d.png' src='./screenshots/52474224-0e69-441e-bdb9-1a860b94bd7d.png' /></td>
									</tr>
									</tbody>
								</table>
							</div>
						</div><div class='test'>
							<div class='test-header'>
								<div class='name'>
									<span>Login As GBDA</span>
								</div>
								<div class='test-info'>
									<span class='startedAt' alt='Test started time' title='Test started time'>01/28 16:09:43</span>
									<span class='endedAt' alt='Test ended time' title='Test ended time'>01/28 16:10:21</span>
									<span class='test-status status fail'>fail</span>
								</div>
								<!--<div class='test-tooltip'>
									<span class='toggle-span'><i class='fa fa-circle-thin'></i></span>
								</div>-->
								<div class='description' style='display:none;'>
									<span class='description-title'>Description: </span>
									<span class='description-content'></span>
								</div>
							</div>
							<div class='exec-info'>
								<table class='extent-table'>
									<thead>
										<tr>
											<th>Timestamp</th>
											<th>Status</th>
											<th>Step</th>
											<th>Details</th>
										</tr>
									</thead>
									<tbody>
										<tr>
										<td>16:09:44</td>
										<td alt='PASS' title='PASS' class='status pass'><i class='fa fa-check'></i></td>
										<td class='step-details' colspan='2'>[RemoteTestNG.initAndRun] Clicked Username textbox</td>
									</tr><tr>
										<td>16:09:45</td>
										<td alt='PASS' title='PASS' class='status pass'><i class='fa fa-check'></i></td>
										<td class='step-details' colspan='2'>[RemoteTestNG.initAndRun] Clicked Password textbox</td>
									</tr><tr>
										<td>16:09:46</td>
										<td alt='FAIL' title='FAIL' class='status fail'><i class='fa fa-times'></i></td>
										<td class='step-name'>[RemoteTestNG.initAndRun] Unable to click Click the Process Info Menu button Exception occurred:Currently focused window has been closed.
Build info: version: '3.14.0', revision: 'aacccce0', time: '2018-08-02T20:13:22.693Z'
System info: host: 'DESKTOP-8D4LHVL', ip: '9.251.112.7', os.name: 'Windows 10', os.arch: 'amd64', os.version: '10.0', java.version: '1.8.0_191'
Driver info: org.openqa.selenium.ie.InternetExplorerDriver
Capabilities {acceptInsecureCerts: false, browserName: internet explorer, browserVersion: 11, javascriptEnabled: true, pageLoadStrategy: normal, platform: WINDOWS, platformName: WINDOWS, proxy: Proxy(), se:ieOptions: {browserAttachTimeout: 0, elementScrollBehavior: 0, enablePersistentHover: true, ie.browserCommandLineSwitches: , ie.ensureCleanSession: false, ie.fileUploadDialogTimeout: 3000, ie.forceCreateProcessApi: false, ignoreProtectedModeSettings: false, ignoreZoomSetting: false, initialBrowserUrl: http://localhost:23345/, nativeEvents: true, requireWindowFocus: false}, setWindowRect: true, timeouts: {implicit: 0, pageLoad: 300000, script: 30000}}
Session ID: 84c35850-3451-4dfb-b00e-e036bbde3d0f
*** Element info: {Using=xpath, value=//a[contains(text(),'Process Information')]}</td>
										<td class='step-details'><img class='report-img' data-featherlight='./screenshots/669b4b8e-222d-434b-852b-bf409c38221d.png' src='./screenshots/669b4b8e-222d-434b-852b-bf409c38221d.png' /></td>
									</tr><tr>
										<td>16:09:46</td>
										<td alt='FAIL' title='FAIL' class='status fail'><i class='fa fa-times'></i></td>
										<td class='step-name'>[RemoteTestNG.initAndRun] Unable to click Click the Procees info search menu button Exception occurred:Currently focused window has been closed.
Build info: version: '3.14.0', revision: 'aacccce0', time: '2018-08-02T20:13:22.693Z'
System info: host: 'DESKTOP-8D4LHVL', ip: '9.251.112.7', os.name: 'Windows 10', os.arch: 'amd64', os.version: '10.0', java.version: '1.8.0_191'
Driver info: org.openqa.selenium.ie.InternetExplorerDriver
Capabilities {acceptInsecureCerts: false, browserName: internet explorer, browserVersion: 11, javascriptEnabled: true, pageLoadStrategy: normal, platform: WINDOWS, platformName: WINDOWS, proxy: Proxy(), se:ieOptions: {browserAttachTimeout: 0, elementScrollBehavior: 0, enablePersistentHover: true, ie.browserCommandLineSwitches: , ie.ensureCleanSession: false, ie.fileUploadDialogTimeout: 3000, ie.forceCreateProcessApi: false, ignoreProtectedModeSettings: false, ignoreZoomSetting: false, initialBrowserUrl: http://localhost:23345/, nativeEvents: true, requireWindowFocus: false}, setWindowRect: true, timeouts: {implicit: 0, pageLoad: 300000, script: 30000}}
Session ID: 84c35850-3451-4dfb-b00e-e036bbde3d0f
*** Element info: {Using=xpath, value=(//*[starts-with(text(),' Process Search')])[1]}</td>
										<td class='step-details'><img class='report-img' data-featherlight='./screenshots/499b8068-0142-4092-b1ca-d495b0ee6077.png' src='./screenshots/499b8068-0142-4092-b1ca-d495b0ee6077.png' /></td>
									</tr><tr>
										<td>16:09:48</td>
										<td alt='PASS' title='PASS' class='status pass'><i class='fa fa-check'></i></td>
										<td class='step-details' colspan='2'>[RemoteTestNG.initAndRun] Entered MDM_GDA in Username textbox</td>
									</tr><tr>
										<td>16:09:50</td>
										<td alt='PASS' title='PASS' class='status pass'><i class='fa fa-check'></i></td>
										<td class='step-details' colspan='2'>[RemoteTestNG.initAndRun] Entered Heineken01 in Password textbox</td>
									</tr><tr>
										<td>16:09:52</td>
										<td alt='PASS' title='PASS' class='status pass'><i class='fa fa-check'></i></td>
										<td class='step-details' colspan='2'>[RemoteTestNG.initAndRun] Clicked Login button</td>
									</tr><tr>
										<td>16:09:57</td>
										<td alt='PASS' title='PASS' class='status pass'><i class='fa fa-check'></i></td>
										<td class='step-details' colspan='2'>[RemoteTestNG.initAndRun] Clicked MDM Workflow button</td>
									</tr><tr>
										<td>16:10:21</td>
										<td alt='FAIL' title='FAIL' class='status fail'><i class='fa fa-times'></i></td>
										<td class='step-name'>[RemoteTestNG.initAndRun] Unable to click Click Request Id Text Box textbox Exception occurred:Currently focused window has been closed.
Build info: version: '3.14.0', revision: 'aacccce0', time: '2018-08-02T20:13:22.693Z'
System info: host: 'DESKTOP-8D4LHVL', ip: '9.251.112.7', os.name: 'Windows 10', os.arch: 'amd64', os.version: '10.0', java.version: '1.8.0_191'
Driver info: org.openqa.selenium.ie.InternetExplorerDriver
Capabilities {acceptInsecureCerts: false, browserName: internet explorer, browserVersion: 11, javascriptEnabled: true, pageLoadStrategy: normal, platform: WINDOWS, platformName: WINDOWS, proxy: Proxy(), se:ieOptions: {browserAttachTimeout: 0, elementScrollBehavior: 0, enablePersistentHover: true, ie.browserCommandLineSwitches: , ie.ensureCleanSession: false, ie.fileUploadDialogTimeout: 3000, ie.forceCreateProcessApi: false, ignoreProtectedModeSettings: false, ignoreZoomSetting: false, initialBrowserUrl: http://localhost:23345/, nativeEvents: true, requireWindowFocus: false}, setWindowRect: true, timeouts: {implicit: 0, pageLoad: 300000, script: 30000}}
Session ID: 84c35850-3451-4dfb-b00e-e036bbde3d0f
*** Element info: {Using=css selector, value=div[id^='mxui_widget_NumberInput_'][class^='mx-name-textBox2'] :nth-child(1)}</td>
										<td class='step-details'><img class='report-img' data-featherlight='./screenshots/27167455-ae9c-48d7-80e4-498a5e6fc99f.png' src='./screenshots/27167455-ae9c-48d7-80e4-498a5e6fc99f.png' /></td>
									</tr><tr>
										<td>16:10:21</td>
										<td alt='FAIL' title='FAIL' class='status fail'><i class='fa fa-times'></i></td>
										<td class='step-name'>[RemoteTestNG.initAndRun] Unable to enter error value in Enter Request Id textbox Exception occurred:Currently focused window has been closed.
Build info: version: '3.14.0', revision: 'aacccce0', time: '2018-08-02T20:13:22.693Z'
System info: host: 'DESKTOP-8D4LHVL', ip: '9.251.112.7', os.name: 'Windows 10', os.arch: 'amd64', os.version: '10.0', java.version: '1.8.0_191'
Driver info: org.openqa.selenium.ie.InternetExplorerDriver
Capabilities {acceptInsecureCerts: false, browserName: internet explorer, browserVersion: 11, javascriptEnabled: true, pageLoadStrategy: normal, platform: WINDOWS, platformName: WINDOWS, proxy: Proxy(), se:ieOptions: {browserAttachTimeout: 0, elementScrollBehavior: 0, enablePersistentHover: true, ie.browserCommandLineSwitches: , ie.ensureCleanSession: false, ie.fileUploadDialogTimeout: 3000, ie.forceCreateProcessApi: false, ignoreProtectedModeSettings: false, ignoreZoomSetting: false, initialBrowserUrl: http://localhost:23345/, nativeEvents: true, requireWindowFocus: false}, setWindowRect: true, timeouts: {implicit: 0, pageLoad: 300000, script: 30000}}
Session ID: 84c35850-3451-4dfb-b00e-e036bbde3d0f
*** Element info: {Using=css selector, value=div[id^='mxui_widget_NumberInput_'][class^='mx-name-textBox2'] :nth-child(1)}</td>
										<td class='step-details'><img class='report-img' data-featherlight='./screenshots/57e0621f-ae8a-48ff-a2e8-5ef671a76a0e.png' src='./screenshots/57e0621f-ae8a-48ff-a2e8-5ef671a76a0e.png' /></td>
									</tr>
									</tbody>
								</table>
							</div>
						</div><div class='test'>
							<div class='test-header'>
								<div class='name'>
									<span>Open Browser</span>
								</div>
								<div class='test-info'>
									<span class='startedAt' alt='Test started time' title='Test started time'>01/28 16:10:23</span>
									<span class='endedAt' alt='Test ended time' title='Test ended time'><!--%%TESTENDTIME%%-->01/28 16:12:33<!--%%TESTENDTIME%%--></span>
									<span class='test-status status <!--%%TESTSTATUS%%-->'><!--%%TESTSTATUS%%--></span>
								</div>
								<!--<div class='test-tooltip'>
									<span class='toggle-span'><i class='fa fa-circle-thin'></i></span>
								</div>-->
								<div class='description' style='display:none;'>
									<span class='description-title'>Description: </span>
									<span class='description-content'></span>
								</div>
							</div>
							<div class='exec-info'>
								<table class='extent-table'>
									<thead>
										<tr>
											<th>Timestamp</th>
											<th>Status</th>
											<th>Step</th>
											<th>Details</th>
										</tr>
									</thead>
									<tbody>
										<tr>
										<td>16:10:35</td>
										<td alt='FAIL' title='FAIL' class='status fail'><i class='fa fa-times'></i></td>
										<td class='step-name'>[RemoteTestNG.initAndRun] Unable to click Search My task button Exception occurred:Unable to find element with xpath == //a[text()=' My Tasks']
For documentation on this error, please visit: http://seleniumhq.org/exceptions/no_such_element.html
Build info: version: '3.14.0', revision: 'aacccce0', time: '2018-08-02T20:13:22.693Z'
System info: host: 'DESKTOP-8D4LHVL', ip: '9.251.112.7', os.name: 'Windows 10', os.arch: 'amd64', os.version: '10.0', java.version: '1.8.0_191'
Driver info: org.openqa.selenium.ie.InternetExplorerDriver
Capabilities {acceptInsecureCerts: false, browserName: internet explorer, browserVersion: 11, javascriptEnabled: true, pageLoadStrategy: normal, platform: WINDOWS, platformName: WINDOWS, proxy: Proxy(), se:ieOptions: {browserAttachTimeout: 0, elementScrollBehavior: 0, enablePersistentHover: true, ie.browserCommandLineSwitches: , ie.ensureCleanSession: false, ie.fileUploadDialogTimeout: 3000, ie.forceCreateProcessApi: false, ignoreProtectedModeSettings: false, ignoreZoomSetting: false, initialBrowserUrl: http://localhost:47808/, nativeEvents: true, requireWindowFocus: false}, setWindowRect: true, timeouts: {implicit: 0, pageLoad: 300000, script: 30000}}
Session ID: aa5c529b-642c-4e4d-9a66-4e0e27bd5896
*** Element info: {Using=xpath, value=//a[text()=' My Tasks']}</td>
										<td class='step-details'><img class='report-img' data-featherlight='./screenshots/c134e7f6-b263-4c98-8dc5-8c5ddf444af9.png' src='./screenshots/c134e7f6-b263-4c98-8dc5-8c5ddf444af9.png' /></td>
									</tr><tr>
										<td>16:11:12</td>
										<td alt='FAIL' title='FAIL' class='status fail'><i class='fa fa-times'></i></td>
										<td class='step-name'>[RemoteTestNG.initAndRun] Unable to click Search My task button Exception occurred:Unable to find element with xpath == //*[text()='Search']
For documentation on this error, please visit: http://seleniumhq.org/exceptions/no_such_element.html
Build info: version: '3.14.0', revision: 'aacccce0', time: '2018-08-02T20:13:22.693Z'
System info: host: 'DESKTOP-8D4LHVL', ip: '9.251.112.7', os.name: 'Windows 10', os.arch: 'amd64', os.version: '10.0', java.version: '1.8.0_191'
Driver info: org.openqa.selenium.ie.InternetExplorerDriver
Capabilities {acceptInsecureCerts: false, browserName: internet explorer, browserVersion: 11, javascriptEnabled: true, pageLoadStrategy: normal, platform: WINDOWS, platformName: WINDOWS, proxy: Proxy(), se:ieOptions: {browserAttachTimeout: 0, elementScrollBehavior: 0, enablePersistentHover: true, ie.browserCommandLineSwitches: , ie.ensureCleanSession: false, ie.fileUploadDialogTimeout: 3000, ie.forceCreateProcessApi: false, ignoreProtectedModeSettings: false, ignoreZoomSetting: false, initialBrowserUrl: http://localhost:47808/, nativeEvents: true, requireWindowFocus: false}, setWindowRect: true, timeouts: {implicit: 0, pageLoad: 300000, script: 30000}}
Session ID: aa5c529b-642c-4e4d-9a66-4e0e27bd5896
*** Element info: {Using=xpath, value=//*[text()='Search']}</td>
										<td class='step-details'><img class='report-img' data-featherlight='./screenshots/4052f46c-2a1d-4d42-b98d-744ab8e01e5d.png' src='./screenshots/4052f46c-2a1d-4d42-b98d-744ab8e01e5d.png' /></td>
									</tr><tr>
										<td>16:11:14</td>
										<td alt='FAIL' title='FAIL' class='status fail'><i class='fa fa-times'></i></td>
										<td class='step-name'>[RemoteTestNG.initAndRun] Unable to click Click Enter Request Id textbox Exception occurred:Unable to find element with xpath == //label[text()='Request ID']/../../div[2]/input
For documentation on this error, please visit: http://seleniumhq.org/exceptions/no_such_element.html
Build info: version: '3.14.0', revision: 'aacccce0', time: '2018-08-02T20:13:22.693Z'
System info: host: 'DESKTOP-8D4LHVL', ip: '9.251.112.7', os.name: 'Windows 10', os.arch: 'amd64', os.version: '10.0', java.version: '1.8.0_191'
Driver info: org.openqa.selenium.ie.InternetExplorerDriver
Capabilities {acceptInsecureCerts: false, browserName: internet explorer, browserVersion: 11, javascriptEnabled: true, pageLoadStrategy: normal, platform: WINDOWS, platformName: WINDOWS, proxy: Proxy(), se:ieOptions: {browserAttachTimeout: 0, elementScrollBehavior: 0, enablePersistentHover: true, ie.browserCommandLineSwitches: , ie.ensureCleanSession: false, ie.fileUploadDialogTimeout: 3000, ie.forceCreateProcessApi: false, ignoreProtectedModeSettings: false, ignoreZoomSetting: false, initialBrowserUrl: http://localhost:47808/, nativeEvents: true, requireWindowFocus: false}, setWindowRect: true, timeouts: {implicit: 0, pageLoad: 300000, script: 30000}}
Session ID: aa5c529b-642c-4e4d-9a66-4e0e27bd5896
*** Element info: {Using=xpath, value=//label[text()='Request ID']/../../div[2]/input}</td>
										<td class='step-details'><img class='report-img' data-featherlight='./screenshots/db45321e-1899-4d09-8db8-dcc1a4b638f0.png' src='./screenshots/db45321e-1899-4d09-8db8-dcc1a4b638f0.png' /></td>
									</tr><tr>
										<td>16:11:16</td>
										<td alt='FAIL' title='FAIL' class='status fail'><i class='fa fa-times'></i></td>
										<td class='step-name'>[RemoteTestNG.initAndRun] Unable to enter error value in Enter Request Id textbox textbox Exception occurred:Unable to find element with xpath == //label[text()='Request ID']/../../div[2]/input
For documentation on this error, please visit: http://seleniumhq.org/exceptions/no_such_element.html
Build info: version: '3.14.0', revision: 'aacccce0', time: '2018-08-02T20:13:22.693Z'
System info: host: 'DESKTOP-8D4LHVL', ip: '9.251.112.7', os.name: 'Windows 10', os.arch: 'amd64', os.version: '10.0', java.version: '1.8.0_191'
Driver info: org.openqa.selenium.ie.InternetExplorerDriver
Capabilities {acceptInsecureCerts: false, browserName: internet explorer, browserVersion: 11, javascriptEnabled: true, pageLoadStrategy: normal, platform: WINDOWS, platformName: WINDOWS, proxy: Proxy(), se:ieOptions: {browserAttachTimeout: 0, elementScrollBehavior: 0, enablePersistentHover: true, ie.browserCommandLineSwitches: , ie.ensureCleanSession: false, ie.fileUploadDialogTimeout: 3000, ie.forceCreateProcessApi: false, ignoreProtectedModeSettings: false, ignoreZoomSetting: false, initialBrowserUrl: http://localhost:47808/, nativeEvents: true, requireWindowFocus: false}, setWindowRect: true, timeouts: {implicit: 0, pageLoad: 300000, script: 30000}}
Session ID: aa5c529b-642c-4e4d-9a66-4e0e27bd5896
*** Element info: {Using=xpath, value=//label[text()='Request ID']/../../div[2]/input}</td>
										<td class='step-details'><img class='report-img' data-featherlight='./screenshots/54f5c088-6c6c-40f4-ad1c-c1d7801f05f6.png' src='./screenshots/54f5c088-6c6c-40f4-ad1c-c1d7801f05f6.png' /></td>
									</tr><tr>
										<td>16:11:17</td>
										<td alt='FAIL' title='FAIL' class='status fail'><i class='fa fa-times'></i></td>
										<td class='step-name'>[RemoteTestNG.initAndRun] Unable to click Click Search Button button Exception occurred:Unable to find element with xpath == (.//button[text()='Search'])[1]
For documentation on this error, please visit: http://seleniumhq.org/exceptions/no_such_element.html
Build info: version: '3.14.0', revision: 'aacccce0', time: '2018-08-02T20:13:22.693Z'
System info: host: 'DESKTOP-8D4LHVL', ip: '9.251.112.7', os.name: 'Windows 10', os.arch: 'amd64', os.version: '10.0', java.version: '1.8.0_191'
Driver info: org.openqa.selenium.ie.InternetExplorerDriver
Capabilities {acceptInsecureCerts: false, browserName: internet explorer, browserVersion: 11, javascriptEnabled: true, pageLoadStrategy: normal, platform: WINDOWS, platformName: WINDOWS, proxy: Proxy(), se:ieOptions: {browserAttachTimeout: 0, elementScrollBehavior: 0, enablePersistentHover: true, ie.browserCommandLineSwitches: , ie.ensureCleanSession: false, ie.fileUploadDialogTimeout: 3000, ie.forceCreateProcessApi: false, ignoreProtectedModeSettings: false, ignoreZoomSetting: false, initialBrowserUrl: http://localhost:47808/, nativeEvents: true, requireWindowFocus: false}, setWindowRect: true, timeouts: {implicit: 0, pageLoad: 300000, script: 30000}}
Session ID: aa5c529b-642c-4e4d-9a66-4e0e27bd5896
*** Element info: {Using=xpath, value=(.//button[text()='Search'])[1]}</td>
										<td class='step-details'><img class='report-img' data-featherlight='./screenshots/7539ade9-51f2-4c89-bf1f-da49f5ee8606.png' src='./screenshots/7539ade9-51f2-4c89-bf1f-da49f5ee8606.png' /></td>
									</tr><tr>
										<td>16:11:18</td>
										<td alt='FAIL' title='FAIL' class='status fail'><i class='fa fa-times'></i></td>
										<td class='step-name'>[RemoteTestNG.initAndRun] Unable to click Click Open Task button Exception occurred:Unable to find element with xpath == .//button[text()='Open Task']
For documentation on this error, please visit: http://seleniumhq.org/exceptions/no_such_element.html
Build info: version: '3.14.0', revision: 'aacccce0', time: '2018-08-02T20:13:22.693Z'
System info: host: 'DESKTOP-8D4LHVL', ip: '9.251.112.7', os.name: 'Windows 10', os.arch: 'amd64', os.version: '10.0', java.version: '1.8.0_191'
Driver info: org.openqa.selenium.ie.InternetExplorerDriver
Capabilities {acceptInsecureCerts: false, browserName: internet explorer, browserVersion: 11, javascriptEnabled: true, pageLoadStrategy: normal, platform: WINDOWS, platformName: WINDOWS, proxy: Proxy(), se:ieOptions: {browserAttachTimeout: 0, elementScrollBehavior: 0, enablePersistentHover: true, ie.browserCommandLineSwitches: , ie.ensureCleanSession: false, ie.fileUploadDialogTimeout: 3000, ie.forceCreateProcessApi: false, ignoreProtectedModeSettings: false, ignoreZoomSetting: false, initialBrowserUrl: http://localhost:47808/, nativeEvents: true, requireWindowFocus: false}, setWindowRect: true, timeouts: {implicit: 0, pageLoad: 300000, script: 30000}}
Session ID: aa5c529b-642c-4e4d-9a66-4e0e27bd5896
*** Element info: {Using=xpath, value=.//button[text()='Open Task']}</td>
										<td class='step-details'><img class='report-img' data-featherlight='./screenshots/14b3e0d7-89c1-4b85-8415-ed4814ee3944.png' src='./screenshots/14b3e0d7-89c1-4b85-8415-ed4814ee3944.png' /></td>
									</tr><tr>
										<td>16:11:20</td>
										<td alt='FAIL' title='FAIL' class='status fail'><i class='fa fa-times'></i></td>
										<td class='step-name'>[RemoteTestNG.initAndRun] Unable to click Click Local Action button button Exception occurred:Unable to find element with xpath == //span[@class='glyphicon glyphicon-flash']
For documentation on this error, please visit: http://seleniumhq.org/exceptions/no_such_element.html
Build info: version: '3.14.0', revision: 'aacccce0', time: '2018-08-02T20:13:22.693Z'
System info: host: 'DESKTOP-8D4LHVL', ip: '9.251.112.7', os.name: 'Windows 10', os.arch: 'amd64', os.version: '10.0', java.version: '1.8.0_191'
Driver info: org.openqa.selenium.ie.InternetExplorerDriver
Capabilities {acceptInsecureCerts: false, browserName: internet explorer, browserVersion: 11, javascriptEnabled: true, pageLoadStrategy: normal, platform: WINDOWS, platformName: WINDOWS, proxy: Proxy(), se:ieOptions: {browserAttachTimeout: 0, elementScrollBehavior: 0, enablePersistentHover: true, ie.browserCommandLineSwitches: , ie.ensureCleanSession: false, ie.fileUploadDialogTimeout: 3000, ie.forceCreateProcessApi: false, ignoreProtectedModeSettings: false, ignoreZoomSetting: false, initialBrowserUrl: http://localhost:47808/, nativeEvents: true, requireWindowFocus: false}, setWindowRect: true, timeouts: {implicit: 0, pageLoad: 300000, script: 30000}}
Session ID: aa5c529b-642c-4e4d-9a66-4e0e27bd5896
*** Element info: {Using=xpath, value=//span[@class='glyphicon glyphicon-flash']}</td>
										<td class='step-details'><img class='report-img' data-featherlight='./screenshots/3cc05f1a-57bd-454d-b3b6-d82b1f08f43c.png' src='./screenshots/3cc05f1a-57bd-454d-b3b6-d82b1f08f43c.png' /></td>
									</tr><tr>
										<td>16:11:22</td>
										<td alt='FAIL' title='FAIL' class='status fail'><i class='fa fa-times'></i></td>
										<td class='step-name'>[RemoteTestNG.initAndRun] Unable to click Click Approval Button button Exception occurred:Unable to find element with css selector == .glyphicon.glyphicon-ok
For documentation on this error, please visit: http://seleniumhq.org/exceptions/no_such_element.html
Build info: version: '3.14.0', revision: 'aacccce0', time: '2018-08-02T20:13:22.693Z'
System info: host: 'DESKTOP-8D4LHVL', ip: '9.251.112.7', os.name: 'Windows 10', os.arch: 'amd64', os.version: '10.0', java.version: '1.8.0_191'
Driver info: org.openqa.selenium.ie.InternetExplorerDriver
Capabilities {acceptInsecureCerts: false, browserName: internet explorer, browserVersion: 11, javascriptEnabled: true, pageLoadStrategy: normal, platform: WINDOWS, platformName: WINDOWS, proxy: Proxy(), se:ieOptions: {browserAttachTimeout: 0, elementScrollBehavior: 0, enablePersistentHover: true, ie.browserCommandLineSwitches: , ie.ensureCleanSession: false, ie.fileUploadDialogTimeout: 3000, ie.forceCreateProcessApi: false, ignoreProtectedModeSettings: false, ignoreZoomSetting: false, initialBrowserUrl: http://localhost:47808/, nativeEvents: true, requireWindowFocus: false}, setWindowRect: true, timeouts: {implicit: 0, pageLoad: 300000, script: 30000}}
Session ID: aa5c529b-642c-4e4d-9a66-4e0e27bd5896
*** Element info: {Using=css selector, value=.glyphicon.glyphicon-ok}</td>
										<td class='step-details'><img class='report-img' data-featherlight='./screenshots/63e83edd-6a72-451d-921a-83664283cb30.png' src='./screenshots/63e83edd-6a72-451d-921a-83664283cb30.png' /></td>
									</tr><tr>
										<td>16:11:30</td>
										<td alt='FAIL' title='FAIL' class='status fail'><i class='fa fa-times'></i></td>
										<td class='step-name'>[RemoteTestNG.initAndRun] Unable to click MDM Workflow button Exception occurred:Unable to find element with xpath == //a[text()='MDM Workflow']
For documentation on this error, please visit: http://seleniumhq.org/exceptions/no_such_element.html
Build info: version: '3.14.0', revision: 'aacccce0', time: '2018-08-02T20:13:22.693Z'
System info: host: 'DESKTOP-8D4LHVL', ip: '9.251.112.7', os.name: 'Windows 10', os.arch: 'amd64', os.version: '10.0', java.version: '1.8.0_191'
Driver info: org.openqa.selenium.ie.InternetExplorerDriver
Capabilities {acceptInsecureCerts: false, browserName: internet explorer, browserVersion: 11, javascriptEnabled: true, pageLoadStrategy: normal, platform: WINDOWS, platformName: WINDOWS, proxy: Proxy(), se:ieOptions: {browserAttachTimeout: 0, elementScrollBehavior: 0, enablePersistentHover: true, ie.browserCommandLineSwitches: , ie.ensureCleanSession: false, ie.fileUploadDialogTimeout: 3000, ie.forceCreateProcessApi: false, ignoreProtectedModeSettings: false, ignoreZoomSetting: false, initialBrowserUrl: http://localhost:4143/, nativeEvents: true, requireWindowFocus: false}, setWindowRect: true, timeouts: {implicit: 0, pageLoad: 300000, script: 30000}}
Session ID: dd42132d-bfbd-4e2a-91b8-fcdf9fe1b70a
*** Element info: {Using=xpath, value=//a[text()='MDM Workflow']}</td>
										<td class='step-details'><img class='report-img' data-featherlight='./screenshots/7ef09823-91c5-4266-808f-eb8df62d5dab.png' src='./screenshots/7ef09823-91c5-4266-808f-eb8df62d5dab.png' /></td>
									</tr><tr>
										<td>16:12:32</td>
										<td alt='FAIL' title='FAIL' class='status fail'><i class='fa fa-times'></i></td>
										<td class='step-name'>[RemoteTestNG.initAndRun] Unable to click Click Materials Menu button Exception occurred:Unable to find element with xpath == //a[contains(text(),'Vendors')]
For documentation on this error, please visit: http://seleniumhq.org/exceptions/no_such_element.html
Build info: version: '3.14.0', revision: 'aacccce0', time: '2018-08-02T20:13:22.693Z'
System info: host: 'DESKTOP-8D4LHVL', ip: '9.251.112.7', os.name: 'Windows 10', os.arch: 'amd64', os.version: '10.0', java.version: '1.8.0_191'
Driver info: org.openqa.selenium.ie.InternetExplorerDriver
Capabilities {acceptInsecureCerts: false, browserName: internet explorer, browserVersion: 11, javascriptEnabled: true, pageLoadStrategy: normal, platform: WINDOWS, platformName: WINDOWS, proxy: Proxy(), se:ieOptions: {browserAttachTimeout: 0, elementScrollBehavior: 0, enablePersistentHover: true, ie.browserCommandLineSwitches: , ie.ensureCleanSession: false, ie.fileUploadDialogTimeout: 3000, ie.forceCreateProcessApi: false, ignoreProtectedModeSettings: false, ignoreZoomSetting: false, initialBrowserUrl: http://localhost:4143/, nativeEvents: true, requireWindowFocus: false}, setWindowRect: true, timeouts: {implicit: 0, pageLoad: 300000, script: 30000}}
Session ID: dd42132d-bfbd-4e2a-91b8-fcdf9fe1b70a
*** Element info: {Using=xpath, value=//a[contains(text(),'Vendors')]}</td>
										<td class='step-details'><img class='report-img' data-featherlight='./screenshots/d9c95d90-9cd9-4c87-9850-c9b1bcd4e262.png' src='./screenshots/d9c95d90-9cd9-4c87-9850-c9b1bcd4e262.png' /></td>
									</tr><tr>
										<td>16:12:33</td>
										<td alt='FAIL' title='FAIL' class='status fail'><i class='fa fa-times'></i></td>
										<td class='step-name'>[RemoteTestNG.initAndRun] Unable to click Click Dashboard Menu button Exception occurred:Unable to find element with xpath == (//*[starts-with(text(),' Dashboard')])[2]
For documentation on this error, please visit: http://seleniumhq.org/exceptions/no_such_element.html
Build info: version: '3.14.0', revision: 'aacccce0', time: '2018-08-02T20:13:22.693Z'
System info: host: 'DESKTOP-8D4LHVL', ip: '9.251.112.7', os.name: 'Windows 10', os.arch: 'amd64', os.version: '10.0', java.version: '1.8.0_191'
Driver info: org.openqa.selenium.ie.InternetExplorerDriver
Capabilities {acceptInsecureCerts: false, browserName: internet explorer, browserVersion: 11, javascriptEnabled: true, pageLoadStrategy: normal, platform: WINDOWS, platformName: WINDOWS, proxy: Proxy(), se:ieOptions: {browserAttachTimeout: 0, elementScrollBehavior: 0, enablePersistentHover: true, ie.browserCommandLineSwitches: , ie.ensureCleanSession: false, ie.fileUploadDialogTimeout: 3000, ie.forceCreateProcessApi: false, ignoreProtectedModeSettings: false, ignoreZoomSetting: false, initialBrowserUrl: http://localhost:4143/, nativeEvents: true, requireWindowFocus: false}, setWindowRect: true, timeouts: {implicit: 0, pageLoad: 300000, script: 30000}}
Session ID: dd42132d-bfbd-4e2a-91b8-fcdf9fe1b70a
*** Element info: {Using=xpath, value=(//*[starts-with(text(),' Dashboard')])[2]}</td>
										<td class='step-details'><img class='report-img' data-featherlight='./screenshots/37a396c0-de54-46c5-839e-33f01c711acf.png' src='./screenshots/37a396c0-de54-46c5-839e-33f01c711acf.png' /></td>
									</tr><!--%%STEP%%-->
									</tbody>
								</table>
							</div>
						</div><!--%%TEST%%-->
					</div>
				</div>
			</div>
			<div id='footer'>
				<div class='footer'>
					<!--%%PROJECTFOOTER%%--><!--
					<div id='footer-section-1'>
						<h4>ExtentReports Library</h4>
						<ul>
							<li><a href='http://relevantcodes.com/extentreports-for-selenium/'>Project Home</a></span></li>
							<li><a href='https://github.com/relevantcodes/extentreports/wiki'>Wiki</a></span></li>
							<li><a href='https://github.com/relevantcodes/extentreports/graphs/contributors'>Contributors</a></span></li>
							<li><a href='https://github.com/relevantcodes/extentreports/issues'>Issues</a></span></li>
							<li><a href='http://relevantcodes.com/extentreports-documentation/'>Documentation</a></span></li>
						</ul>
					</div>
					--><!--%%/PROJECTFOOTER%%-->
				</div>
			</div>
		</div>
	</body>
	<script type='text/javascript' src='http://code.jquery.com/jquery-1.10.1.min.js'></script>
	<script type="text/javascript" src="https://www.google.com/jsapi"></script>
	<script src="http://cdn.rawgit.com/noelboss/featherlight/1.0.4/release/featherlight.min.js" type="text/javascript" charset="utf-8"></script>
	<script type='text/javascript'>
		// user-events
		$(document).ready(function() {
			if ($('.test').last().find('.test-status').attr('class').indexOf('%') > 0) {
				var lastTest = $('.test').last();
				var elms = lastTest.find('td.status');
				var status = '';
				if (elms.hasClass('fail') || elms.hasClass('fatal'))
					status = 'fail';
				else if (elms.hasClass('error'))
					status = 'error';
				else if (elms.hasClass('warning'))
					status = 'warning';
				else
					status = 'pass';
				lastTest.html( lastTest.html().replace(new RegExp('<!--%%TESTSTATUS%%\-\->', 'g'), status) );
			}
			// append values to summary & status
			$('.total-tests').text( $('.test').length );
			$('.tests-passed').text( $('.test-status.pass').length );
			$('.tests-failed').text( $('.test-status.fail').length + $('.test-status.fatal').length + $('.test-status.warning').length + $('.test-status.error').length );
			$('.total-steps').text( $('tbody .status').length );
			$('.steps-passed').text( $('td.status.pass').length );
			$('.steps-failed').text( $('td.status.fail').length + $('td.status.fatal').length );
			// change table structure for log-event only tables
			$('.exec-info table').filter(function() { 
				return $(this).find('.status').length == 0; 
			}).find('th').hide().parent().append('<th colspan="4">Log Event</th>');
			// change table structure for logstatut-logevent only tables
			$('.exec-info table').filter(function() { 
				return $(this).find('.step-name').length == 0; 
			}).find('th').hide().parent().append('<th>Timestamp</th><th>Status</th><th colspan="2">Details</th>');
			$('.menu span').click(function() {
				var elm = $(this);
				if (elm.parent().attr('class') != 'menu-item-selected') {
					var t = $('.menu-item-selected span');
					$('.' + $('#' + t.attr('class')).hide().attr('id')).parent().removeClass('menu-item-selected');
					$('#' + elm.attr('class')).fadeIn(400);
					elm.parent().addClass('menu-item-selected');
				}
			});
			$('.expand-tests').click(function() {
				if (!$('.toggle-type').hasClass('accordion')) 
					$('.exec-info').slideDown(200);					
			});
			$('.collapse-tests').click(function() {
				$('.exec-info').slideUp(200);
			});
			$('.test-header').click(function() {
				var elm = $(this).parent();
				var execInfo = elm.children('.exec-info');
				var useAccordion = $('.toggle-type').hasClass('accordion') ? true : false;
				if (!execInfo.is(':visible')) {
					if (useAccordion) $('.test-expanded').removeClass('test-expanded').children('.exec-info').slideUp(200);
					elm.addClass('test-expanded'); execInfo.slideDown('fast');
				}
				else {
					elm.removeClass('test-expanded'); execInfo.slideUp('fast');
				}
			});
			$('.toggle-type').click(function() {
				var elm = $(this).children('i');
				if (elm.parent().hasClass('accordion'))
					elm.removeClass('fa-toggle-on').addClass('fa-toggle-off').parent().removeClass('accordion');
				else 
					elm.addClass('fa-toggle-on').removeClass('fa-toggle-off').parent().addClass('accordion');
			});
			$('.resize').click(function() {
				var target = $(this);
				if (target.hasClass('expand')) {
					var winW = $(window).width();
					var box = $('.content, .filters');
					if (winW > 1100 && box.css('width') == '1050px') {
						box.animate({ 'width' : ((winW - 1100) * .4) + 1100 + 'px' });
						target.children().removeClass('fa-expand').addClass('fa-compress').parent().toggleClass('view-enabled');
					} else {
						box.animate({ 'width' : '1050px' });
						target.children().removeClass('fa-compress').addClass('fa-expand').parent().toggleClass('view-enabled');
					}
				}
			});
			$('.test-filter li').click(function() {
				var target = $(this);
				if (target.attr('id') == 'clear-all') {
					$('.test-filter li').removeClass('status-toggle-on').find('div').addClass('unselected');
					$('.test').show();
					return;
				}
				target.toggleClass('status-toggle-on');
				if (!$('.test-filter li').hasClass('status-toggle-on')) {
					$('.test').fadeIn(200); 
					$('.test-filter li').find('div').addClass('unselected');
					return;
				}
				$('.test-filter li').each(function() {
					if ($(this).hasClass('status-toggle-on')) {
						$(this).find('div').removeClass('unselected');
						$('.test-status.' + $(this).attr('id').split('-')[1]).closest('.test').fadeIn('fast');
					}
					else {
						$(this).find('div').addClass('unselected');
						$('.test-status.' + $(this).attr('id').split('-')[1]).closest('.test').hide();
					}
				});
			});
		})
		/*!
		 * Bootstrap v3.3.2 (http://getbootstrap.com)
		 * Copyright 2011-2015 Twitter, Inc.
		 * Licensed under MIT (https://github.com/twbs/bootstrap/blob/master/LICENSE)
		 */
		if("undefined"==typeof jQuery)throw new Error("Bootstrap's JavaScript requires jQuery");+function(t){"use strict";var o=t.fn.jquery.split(" ")[0].split(".");if(o[0]<2&&o[1]<9||1==o[0]&&9==o[1]&&o[2]<1)throw new Error("Bootstrap's JavaScript requires jQuery version 1.9.1 or higher")}(jQuery),+function(t){"use strict";function o(o){o&&3===o.which||(t(n).remove(),t(a).each(function(){var e=t(this),n=r(e),a={relatedTarget:this};n.hasClass("open")&&(n.trigger(o=t.Event("hide.bs.dropdown",a)),o.isDefaultPrevented()||(e.attr("aria-expanded","false"),n.removeClass("open").trigger("hidden.bs.dropdown",a)))}))}function r(o){var r=o.attr("data-target");r||(r=o.attr("href"),r=r&&/#[A-Za-z]/.test(r)&&r.replace(/.*(?=#[^\s]*$)/,""));var e=r&&t(r);return e&&e.length?e:o.parent()}function e(o){return this.each(function(){var r=t(this),e=r.data("bs.dropdown");e||r.data("bs.dropdown",e=new i(this)),"string"==typeof o&&e[o].call(r)})}var n=".dropdown-backdrop",a='[data-toggle="dropdown"]',i=function(o){t(o).on("click.bs.dropdown",this.toggle)};i.VERSION="3.3.2",i.prototype.toggle=function(e){var n=t(this);if(!n.is(".disabled, :disabled")){var a=r(n),i=a.hasClass("open");if(o(),!i){"ontouchstart"in document.documentElement&&!a.closest(".navbar-nav").length&&t('<div class="dropdown-backdrop"/>').insertAfter(t(this)).on("click",o);var d={relatedTarget:this};if(a.trigger(e=t.Event("show.bs.dropdown",d)),e.isDefaultPrevented())return;n.trigger("focus").attr("aria-expanded","true"),a.toggleClass("open").trigger("shown.bs.dropdown",d)}return!1}},i.prototype.keydown=function(o){if(/(38|40|27|32)/.test(o.which)&&!/input|textarea/i.test(o.target.tagName)){var e=t(this);if(o.preventDefault(),o.stopPropagation(),!e.is(".disabled, :disabled")){var n=r(e),i=n.hasClass("open");if(!i&&27!=o.which||i&&27==o.which)return 27==o.which&&n.find(a).trigger("focus"),e.trigger("click");var d=" li:not(.divider):visible a",s=n.find('[role="menu"]'+d+', [role="listbox"]'+d);if(s.length){var p=s.index(o.target);38==o.which&&p>0&&p--,40==o.which&&p<s.length-1&&p++,~p||(p=0),s.eq(p).trigger("focus")}}}};var d=t.fn.dropdown;t.fn.dropdown=e,t.fn.dropdown.Constructor=i,t.fn.dropdown.noConflict=function(){return t.fn.dropdown=d,this},t(document).on("click.bs.dropdown.data-api",o).on("click.bs.dropdown.data-api",".dropdown form",function(t){t.stopPropagation()}).on("click.bs.dropdown.data-api",a,i.prototype.toggle).on("keydown.bs.dropdown.data-api",a,i.prototype.keydown).on("keydown.bs.dropdown.data-api",'[role="menu"]',i.prototype.keydown).on("keydown.bs.dropdown.data-api",'[role="listbox"]',i.prototype.keydown)}(jQuery);
		// charts
		google.load('visualization', '1', {packages:['corechart']});
		google.setOnLoadCallback(testSetChart);
		google.setOnLoadCallback(testsChart);
		function testSetChart() {
			var data = google.visualization.arrayToDataTable([
			  ['Test Status', 'Count'],
			  ['Pass',     $('.test-info .pass').length + $('.test-info .info').length],
			  ['Error',     $('.test-info .error').length],
			  ['Warning',     $('.test-info .warning').length],
			  ['Fail',      $('.test-info .fail').length + $('.test-info .fatal').length],
			  ['Skipped',      $('.test-info .skip').length]
			]);
			var options = {
			  backgroundColor: { fill:'transparent' },
			  chartArea: {'width': '65%', 'height': '65%'},
			  colors: ['green', 'tomato', 'orange', 'red', '#999'],
			  fontSize: '11',
			  height: 275,
			  pieHole: 0.6,
			  pieSliceText: 'value', 
			  title: 'TEST SUMMARY', 
			  width: 450
			};
			var chart = new google.visualization.PieChart(document.getElementById('ts-status-dashboard'));
			chart.draw(data, options);
		  }
		function testsChart() {
			var data = google.visualization.arrayToDataTable([
			  ['Test Status', 'Count'],
			  ['Pass',     $('td.pass').length],
			  ['Fail',      $('td.fail').length],
			  ['Fatal',     $('td.fatal').length],
			  ['Error',      $('td.error').length],
			  ['Warning',    $('td.warning').length],
			  ['Info',    $('td.info').length],
			  ['Skipped',    $('td.skip').length]
			]);
			var options = {
			  backgroundColor: { fill:'transparent' },
			  chartArea: {'width': '65%', 'height': '65%'},
			  colors: ['green', 'red', 'darkred', 'tomato', 'orange', 'dodgerblue', '#999'],
			  fontSize: '11',
			  height: 275,
			  pieHole: 0.6,
			  pieSliceText: 'value', 
			  title: 'STEP SUMMARY', 
			  width: 450
			};
			var chart = new google.visualization.PieChart(document.getElementById('step-status-dashboard'));
			chart.draw(data, options);
		  }
	</script>
</html>