<?xml version="1.0" encoding="UTF-8"?>
<!-- Generated by org.testng.reporters.JUnitXMLReporter -->
<testsuite hostname="DESKTOP-NHGDMMS" ignored="9" name="Material_Create_Fill_In_Data" tests="1" failures="1" timestamp="10 Jan 2019 06:56:04 GMT" time="0.793" errors="0">
  <testcase name="Material_Create_Fill_In_Data" time="0.002" classname="com.mendix.test.MaterialNavScript">
    <failure type="java.lang.NullPointerException">
      <![CDATA[java.lang.NullPointerException
at com.mendix.test.MaterialNavScript.Material_Create_Fill_In_Data(MaterialNavScript.java:29)
... Removed 25 stack frames]]>
    </failure>
  </testcase> <!-- Material_Create_Fill_In_Data -->
  <testcase name="Material_Create_Syndication_Check" time="0.0" classname="com.mendix.test.MaterialNavScript">
    <ignored/>
  </testcase> <!-- Material_Create_Syndication_Check -->
  <testcase name="Process_Information_Check_Global" time="0.0" classname="com.mendix.test.MaterialNavScript">
    <ignored/>
  </testcase> <!-- Process_Information_Check_Global -->
  <testcase name="Material_Create_Fill_In_Data_JDE_Finance" time="0.0" classname="com.mendix.test.MaterialNavScript">
    <ignored/>
  </testcase> <!-- Material_Create_Fill_In_Data_JDE_Finance -->
  <testcase name="Material_Create_Review_Global_Data_Approve_GDA" time="0.0" classname="com.mendix.test.MaterialNavScript">
    <ignored/>
  </testcase> <!-- Material_Create_Review_Global_Data_Approve_GDA -->
  <testcase name="Material_Create_Review_Global_Data_Approve_LBDA" time="0.0" classname="com.mendix.test.MaterialNavScript">
    <ignored/>
  </testcase> <!-- Material_Create_Review_Global_Data_Approve_LBDA -->
  <testcase name="Material_Create_Review_Global_Data_Approve_LDS" time="0.0" classname="com.mendix.test.MaterialNavScript">
    <ignored/>
  </testcase> <!-- Material_Create_Review_Global_Data_Approve_LDS -->
  <testcase name="Process_Information_Check_Local" time="0.0" classname="com.mendix.test.MaterialNavScript">
    <ignored/>
  </testcase> <!-- Process_Information_Check_Local -->
  <testcase name="Material_Create_Fill_In_Data_JDE_Site" time="0.0" classname="com.mendix.test.MaterialNavScript">
    <ignored/>
  </testcase> <!-- Material_Create_Fill_In_Data_JDE_Site -->
  <testcase name="Material_Create_Fill_In_Data_JDE_Planning" time="0.0" classname="com.mendix.test.MaterialNavScript">
    <ignored/>
  </testcase> <!-- Material_Create_Fill_In_Data_JDE_Planning -->
</testsuite> <!-- Material_Create_Fill_In_Data -->
