<?xml version="1.0" encoding="UTF-8"?>
<!-- Generated by org.testng.reporters.JUnitXMLReporter -->
<testsuite hostname="DESKTOP-NHGDMMS" ignored="9" name="Process_Information_Check_LBDA" tests="1" failures="1" timestamp="04 Jan 2019 11:59:21 GMT" time="14.706" errors="0">
  <testcase name="Process_Information_Check_Local" time="14.654" classname="com.mendix.test.MaterialNavScript">
    <failure type="org.openqa.selenium.WebDriverException" message="java.net.ConnectException: Failed to connect to localhost/0:0:0:0:0:0:0:1:5312
Build info: version: &amp;apos;3.14.0&amp;apos;, revision: &amp;apos;aacccce0&amp;apos;, time: &amp;apos;2018-08-02T20:13:22.693Z&amp;apos;
System info: host: &amp;apos;DESKTOP-NHGDMMS&amp;apos;, ip: &amp;apos;9.251.112.27&amp;apos;, os.name: &amp;apos;Windows 10&amp;apos;, os.arch: &amp;apos;amd64&amp;apos;, os.version: &amp;apos;10.0&amp;apos;, java.version: &amp;apos;1.8.0_191&amp;apos;
Driver info: driver.version: RemoteWebDriver">
      <![CDATA[org.openqa.selenium.WebDriverException: java.net.ConnectException: Failed to connect to localhost/0:0:0:0:0:0:0:1:5312
Build info: version: '3.14.0', revision: 'aacccce0', time: '2018-08-02T20:13:22.693Z'
System info: host: 'DESKTOP-NHGDMMS', ip: '9.251.112.27', os.name: 'Windows 10', os.arch: 'amd64', os.version: '10.0', java.version: '1.8.0_191'
Driver info: driver.version: RemoteWebDriver
at org.openqa.selenium.remote.service.DriverCommandExecutor.execute(DriverCommandExecutor.java:92)
at org.openqa.selenium.remote.RemoteWebDriver.execute(RemoteWebDriver.java:548)
at org.openqa.selenium.remote.RemoteWebDriver$RemoteTargetLocator.window(RemoteWebDriver.java:899)
at com.mendix.page.ProceesInfoPage.reqIdSearch_Local(ProceesInfoPage.java:112)
at com.mendix.test.MaterialNavScript.Process_Information_Check_Local(MaterialNavScript.java:95)
Caused by: java.net.ConnectException: Failed to connect to localhost/0:0:0:0:0:0:0:1:5312
at okhttp3.internal.connection.RealConnection.connectSocket(RealConnection.java:242)
at okhttp3.internal.connection.RealConnection.connect(RealConnection.java:160)
at okhttp3.internal.connection.StreamAllocation.findConnection(StreamAllocation.java:257)
at okhttp3.internal.connection.StreamAllocation.findHealthyConnection(StreamAllocation.java:135)
at okhttp3.internal.connection.StreamAllocation.newStream(StreamAllocation.java:114)
at okhttp3.internal.connection.ConnectInterceptor.intercept(ConnectInterceptor.java:42)
at okhttp3.internal.http.RealInterceptorChain.proceed(RealInterceptorChain.java:147)
at okhttp3.internal.http.RealInterceptorChain.proceed(RealInterceptorChain.java:121)
at okhttp3.internal.cache.CacheInterceptor.intercept(CacheInterceptor.java:93)
at okhttp3.internal.http.RealInterceptorChain.proceed(RealInterceptorChain.java:147)
at okhttp3.internal.http.RealInterceptorChain.proceed(RealInterceptorChain.java:121)
at okhttp3.internal.http.BridgeInterceptor.intercept(BridgeInterceptor.java:93)
at okhttp3.internal.http.RealInterceptorChain.proceed(RealInterceptorChain.java:147)
at okhttp3.internal.http.RetryAndFollowUpInterceptor.intercept(RetryAndFollowUpInterceptor.java:126)
at okhttp3.internal.http.RealInterceptorChain.proceed(RealInterceptorChain.java:147)
at okhttp3.internal.http.RealInterceptorChain.proceed(RealInterceptorChain.java:121)
at okhttp3.RealCall.getResponseWithInterceptorChain(RealCall.java:200)
at okhttp3.RealCall.execute(RealCall.java:77)
at org.openqa.selenium.remote.internal.OkHttpClient.execute(OkHttpClient.java:105)
at org.openqa.selenium.remote.HttpCommandExecutor.execute(HttpCommandExecutor.java:155)
at org.openqa.selenium.remote.service.DriverCommandExecutor.execute(DriverCommandExecutor.java:83)
... 29 more
Caused by: java.net.ConnectException: Connection refused: connect
at java.net.DualStackPlainSocketImpl.waitForConnect(Native Method)
at java.net.DualStackPlainSocketImpl.socketConnect(Unknown Source)
at java.net.AbstractPlainSocketImpl.doConnect(Unknown Source)
at java.net.AbstractPlainSocketImpl.connectToAddress(Unknown Source)
at java.net.AbstractPlainSocketImpl.connect(Unknown Source)
at java.net.PlainSocketImpl.connect(Unknown Source)
at java.net.SocksSocketImpl.connect(Unknown Source)
at java.net.Socket.connect(Unknown Source)
at okhttp3.internal.platform.Platform.connectSocket(Platform.java:129)
at okhttp3.internal.connection.RealConnection.connectSocket(RealConnection.java:240)
... 49 more
... Removed 25 stack frames]]>
    </failure>
  </testcase> <!-- Process_Information_Check_Local -->
  <testcase name="Material_Create_Syndication_Check" time="0.0" classname="com.mendix.test.MaterialNavScript">
    <ignored/>
  </testcase> <!-- Material_Create_Syndication_Check -->
  <testcase name="Process_Information_Check_Global" time="0.0" classname="com.mendix.test.MaterialNavScript">
    <ignored/>
  </testcase> <!-- Process_Information_Check_Global -->
  <testcase name="Material_Create_Fill_In_Data_JDE_Finance" time="0.0" classname="com.mendix.test.MaterialNavScript">
    <ignored/>
  </testcase> <!-- Material_Create_Fill_In_Data_JDE_Finance -->
  <testcase name="Material_Create_Review_Global_Data_Approve_GDA" time="0.0" classname="com.mendix.test.MaterialNavScript">
    <ignored/>
  </testcase> <!-- Material_Create_Review_Global_Data_Approve_GDA -->
  <testcase name="Material_Create_Review_Global_Data_Approve_LBDA" time="0.0" classname="com.mendix.test.MaterialNavScript">
    <ignored/>
  </testcase> <!-- Material_Create_Review_Global_Data_Approve_LBDA -->
  <testcase name="Material_Create_Review_Global_Data_Approve_LDS" time="0.0" classname="com.mendix.test.MaterialNavScript">
    <ignored/>
  </testcase> <!-- Material_Create_Review_Global_Data_Approve_LDS -->
  <testcase name="Material_Create_Fill_In_Data_JDE_Site" time="0.0" classname="com.mendix.test.MaterialNavScript">
    <ignored/>
  </testcase> <!-- Material_Create_Fill_In_Data_JDE_Site -->
  <testcase name="Material_Create_Fill_In_Data_JDE_Planning" time="0.0" classname="com.mendix.test.MaterialNavScript">
    <ignored/>
  </testcase> <!-- Material_Create_Fill_In_Data_JDE_Planning -->
  <testcase name="Material_Create_Fill_In_Data" time="0.0" classname="com.mendix.test.MaterialNavScript">
    <ignored/>
  </testcase> <!-- Material_Create_Fill_In_Data -->
</testsuite> <!-- Process_Information_Check_LBDA -->
